INFO 2024-03-07 02:58:09,170 autoreload 45020 45212 Watching for file changes with StatReloader
WARNING 2024-03-07 02:58:30,523 log 45020 44140 Unauthorized: /limon/api/adv/
WARNING 2024-03-07 02:58:30,523 basehttp 45020 44140 "GET /limon/api/adv/ HTTP/1.1" 401 275
WARNING 2024-03-07 02:58:42,262 log 45020 44140 Bad Request: /api/token/refresh/
WARNING 2024-03-07 02:58:42,263 basehttp 45020 44140 "POST /api/token/refresh/ HTTP/1.1" 400 50
INFO 2024-03-07 02:58:45,293 basehttp 45020 44140 "POST /auth/sign-in/ HTTP/1.1" 200 483
INFO 2024-03-07 02:58:56,521 basehttp 45020 44140 "GET /limon/api/adv/ HTTP/1.1" 200 10436
INFO 2024-03-07 02:59:36,612 basehttp 45020 44140 "POST /limon/api/adv/ HTTP/1.1" 201 193
WARNING 2024-03-07 02:59:42,760 log 45020 44140 Unauthorized: /limon/adv/35/
WARNING 2024-03-07 02:59:42,761 basehttp 45020 44140 "PUT /limon/adv/35/ HTTP/1.1" 401 275
WARNING 2024-03-07 02:59:48,804 log 45020 44140 Method Not Allowed: /limon/adv/35/
WARNING 2024-03-07 02:59:48,805 basehttp 45020 44140 "PUT /limon/adv/35/ HTTP/1.1" 405 54
INFO 2024-03-07 03:01:12,723 autoreload 45020 45212 D:\My\Studies\python\alif academy\python pro\Final Project\new project\limon\limonapp\api\views.py changed, reloading.
INFO 2024-03-07 03:01:13,172 autoreload 24868 45412 Watching for file changes with StatReloader
INFO 2024-03-07 03:02:01,885 autoreload 24868 45412 D:\My\Studies\python\alif academy\python pro\Final Project\new project\limon\limonapp\api\views.py changed, reloading.
INFO 2024-03-07 03:02:02,291 autoreload 45916 44672 Watching for file changes with StatReloader
INFO 2024-03-07 03:07:31,669 autoreload 42628 45328 Watching for file changes with StatReloader
INFO 2024-03-07 03:07:38,438 basehttp 42628 45340 "GET /limon/adv/ HTTP/1.1" 200 28934
WARNING 2024-03-07 03:07:46,504 log 42628 37112 Unauthorized: /limon/adv/35/
WARNING 2024-03-07 03:07:46,505 basehttp 42628 37112 "PUT /limon/adv/35/ HTTP/1.1" 401 275
INFO 2024-03-07 03:07:50,043 basehttp 42628 37112 "POST /auth/sign-in/ HTTP/1.1" 200 483
WARNING 2024-03-07 03:08:05,641 log 42628 37112 Method Not Allowed: /limon/adv/35/
WARNING 2024-03-07 03:08:05,642 basehttp 42628 37112 "PUT /limon/adv/35/ HTTP/1.1" 405 54
INFO 2024-03-07 03:11:55,296 autoreload 44588 41904 Watching for file changes with StatReloader
WARNING 2024-03-07 03:12:05,827 log 44588 44496 Bad Request: /auth/sign-up/
WARNING 2024-03-07 03:12:05,827 basehttp 44588 44496 "POST /auth/sign-up/ HTTP/1.1" 400 145
INFO 2024-03-07 03:12:13,647 basehttp 44588 44496 "POST /auth/sign-in/ HTTP/1.1" 200 483
INFO 2024-03-07 03:12:29,579 basehttp 44588 44496 "GET /limon/api/adv/ HTTP/1.1" 200 10630
INFO 2024-03-07 03:13:10,389 basehttp 44588 44496 "GET /limon/adv/31 HTTP/1.1" 301 0
WARNING 2024-03-07 03:13:10,397 log 44588 45316 Unauthorized: /limon/adv/31/
WARNING 2024-03-07 03:13:10,397 basehttp 44588 45316 "GET /limon/adv/31/ HTTP/1.1" 401 275
WARNING 2024-03-07 03:13:33,300 log 44588 45316 Method Not Allowed: /api/token/refresh/
WARNING 2024-03-07 03:13:33,300 basehttp 44588 45316 "GET /api/token/refresh/ HTTP/1.1" 405 54
WARNING 2024-03-07 03:13:37,084 log 44588 45316 Bad Request: /api/token/refresh/
WARNING 2024-03-07 03:13:37,084 basehttp 44588 45316 "POST /api/token/refresh/ HTTP/1.1" 400 50
WARNING 2024-03-07 03:14:14,638 log 44588 45316 Bad Request: /api/token/refresh/
WARNING 2024-03-07 03:14:14,638 basehttp 44588 45316 "POST /api/token/refresh/ HTTP/1.1" 400 35
WARNING 2024-03-07 03:14:34,306 log 44588 45316 Bad Request: /api/token/refresh/
WARNING 2024-03-07 03:14:34,306 basehttp 44588 45316 "POST /api/token/refresh/ HTTP/1.1" 400 35
INFO 2024-03-07 03:16:23,868 basehttp 44588 45316 "POST /api/token/refresh/ HTTP/1.1" 200 241
INFO 2024-03-07 03:16:36,332 basehttp 44588 45316 "GET /limon/api/adv/ HTTP/1.1" 200 10630
INFO 2024-03-07 03:16:45,132 basehttp 44588 45316 "GET /limon/adv/31 HTTP/1.1" 301 0
INFO 2024-03-07 03:16:45,150 basehttp 44588 44924 "GET /limon/adv/31/ HTTP/1.1" 200 245
ERROR 2024-03-07 03:17:01,924 log 44588 44924 Internal Server Error: /limon/api/adv/
Traceback (most recent call last):
  File "D:\My\Studies\python\alif academy\python pro\Final Project\new project\limon\venv\lib\site-packages\django\core\handlers\exception.py", line 55, in inner
    response = get_response(request)
  File "D:\My\Studies\python\alif academy\python pro\Final Project\new project\limon\venv\lib\site-packages\django\core\handlers\base.py", line 197, in _get_response
    response = wrapped_callback(request, *callback_args, **callback_kwargs)
  File "D:\My\Studies\python\alif academy\python pro\Final Project\new project\limon\venv\lib\site-packages\django\views\decorators\csrf.py", line 65, in _view_wrapper
    return view_func(request, *args, **kwargs)
  File "D:\My\Studies\python\alif academy\python pro\Final Project\new project\limon\venv\lib\site-packages\rest_framework\viewsets.py", line 125, in view
    return self.dispatch(request, *args, **kwargs)
  File "D:\My\Studies\python\alif academy\python pro\Final Project\new project\limon\venv\lib\site-packages\rest_framework\views.py", line 509, in dispatch
    response = self.handle_exception(exc)
  File "D:\My\Studies\python\alif academy\python pro\Final Project\new project\limon\venv\lib\site-packages\rest_framework\views.py", line 469, in handle_exception
    self.raise_uncaught_exception(exc)
  File "D:\My\Studies\python\alif academy\python pro\Final Project\new project\limon\venv\lib\site-packages\rest_framework\views.py", line 480, in raise_uncaught_exception
    raise exc
  File "D:\My\Studies\python\alif academy\python pro\Final Project\new project\limon\venv\lib\site-packages\rest_framework\views.py", line 506, in dispatch
    response = handler(request, *args, **kwargs)
  File "D:\My\Studies\python\alif academy\python pro\Final Project\new project\limon\venv\lib\site-packages\rest_framework\mixins.py", line 20, in create
    headers = self.get_success_headers(serializer.data)
  File "D:\My\Studies\python\alif academy\python pro\Final Project\new project\limon\venv\lib\site-packages\rest_framework\serializers.py", line 555, in data
    ret = super().data
  File "D:\My\Studies\python\alif academy\python pro\Final Project\new project\limon\venv\lib\site-packages\rest_framework\serializers.py", line 255, in data
    self._data = self.to_representation(self.validated_data)
  File "D:\My\Studies\python\alif academy\python pro\Final Project\new project\limon\limonapp\api\serializers.py", line 26, in to_representation
    representation['attributes'] = instance.attributes
AttributeError: 'collections.OrderedDict' object has no attribute 'attributes'
ERROR 2024-03-07 03:17:01,927 basehttp 44588 44924 "POST /limon/api/adv/ HTTP/1.1" 500 118815
INFO 2024-03-07 03:17:17,352 basehttp 44588 44924 "POST /api/token/refresh/ HTTP/1.1" 200 241
ERROR 2024-03-07 03:17:33,158 log 44588 44924 Internal Server Error: /limon/api/adv/
Traceback (most recent call last):
  File "D:\My\Studies\python\alif academy\python pro\Final Project\new project\limon\venv\lib\site-packages\django\core\handlers\exception.py", line 55, in inner
    response = get_response(request)
  File "D:\My\Studies\python\alif academy\python pro\Final Project\new project\limon\venv\lib\site-packages\django\core\handlers\base.py", line 197, in _get_response
    response = wrapped_callback(request, *callback_args, **callback_kwargs)
  File "D:\My\Studies\python\alif academy\python pro\Final Project\new project\limon\venv\lib\site-packages\django\views\decorators\csrf.py", line 65, in _view_wrapper
    return view_func(request, *args, **kwargs)
  File "D:\My\Studies\python\alif academy\python pro\Final Project\new project\limon\venv\lib\site-packages\rest_framework\viewsets.py", line 125, in view
    return self.dispatch(request, *args, **kwargs)
  File "D:\My\Studies\python\alif academy\python pro\Final Project\new project\limon\venv\lib\site-packages\rest_framework\views.py", line 509, in dispatch
    response = self.handle_exception(exc)
  File "D:\My\Studies\python\alif academy\python pro\Final Project\new project\limon\venv\lib\site-packages\rest_framework\views.py", line 469, in handle_exception
    self.raise_uncaught_exception(exc)
  File "D:\My\Studies\python\alif academy\python pro\Final Project\new project\limon\venv\lib\site-packages\rest_framework\views.py", line 480, in raise_uncaught_exception
    raise exc
  File "D:\My\Studies\python\alif academy\python pro\Final Project\new project\limon\venv\lib\site-packages\rest_framework\views.py", line 506, in dispatch
    response = handler(request, *args, **kwargs)
  File "D:\My\Studies\python\alif academy\python pro\Final Project\new project\limon\venv\lib\site-packages\rest_framework\mixins.py", line 20, in create
    headers = self.get_success_headers(serializer.data)
  File "D:\My\Studies\python\alif academy\python pro\Final Project\new project\limon\venv\lib\site-packages\rest_framework\serializers.py", line 555, in data
    ret = super().data
  File "D:\My\Studies\python\alif academy\python pro\Final Project\new project\limon\venv\lib\site-packages\rest_framework\serializers.py", line 255, in data
    self._data = self.to_representation(self.validated_data)
  File "D:\My\Studies\python\alif academy\python pro\Final Project\new project\limon\limonapp\api\serializers.py", line 26, in to_representation
    representation['attributes'] = instance.attributes
AttributeError: 'collections.OrderedDict' object has no attribute 'attributes'
ERROR 2024-03-07 03:17:33,160 basehttp 44588 44924 "POST /limon/api/adv/ HTTP/1.1" 500 118815
ERROR 2024-03-07 03:19:25,715 log 44588 44924 Internal Server Error: /limon/api/adv/
Traceback (most recent call last):
  File "D:\My\Studies\python\alif academy\python pro\Final Project\new project\limon\venv\lib\site-packages\django\core\handlers\exception.py", line 55, in inner
    response = get_response(request)
  File "D:\My\Studies\python\alif academy\python pro\Final Project\new project\limon\venv\lib\site-packages\django\core\handlers\base.py", line 197, in _get_response
    response = wrapped_callback(request, *callback_args, **callback_kwargs)
  File "D:\My\Studies\python\alif academy\python pro\Final Project\new project\limon\venv\lib\site-packages\django\views\decorators\csrf.py", line 65, in _view_wrapper
    return view_func(request, *args, **kwargs)
  File "D:\My\Studies\python\alif academy\python pro\Final Project\new project\limon\venv\lib\site-packages\rest_framework\viewsets.py", line 125, in view
    return self.dispatch(request, *args, **kwargs)
  File "D:\My\Studies\python\alif academy\python pro\Final Project\new project\limon\venv\lib\site-packages\rest_framework\views.py", line 509, in dispatch
    response = self.handle_exception(exc)
  File "D:\My\Studies\python\alif academy\python pro\Final Project\new project\limon\venv\lib\site-packages\rest_framework\views.py", line 469, in handle_exception
    self.raise_uncaught_exception(exc)
  File "D:\My\Studies\python\alif academy\python pro\Final Project\new project\limon\venv\lib\site-packages\rest_framework\views.py", line 480, in raise_uncaught_exception
    raise exc
  File "D:\My\Studies\python\alif academy\python pro\Final Project\new project\limon\venv\lib\site-packages\rest_framework\views.py", line 506, in dispatch
    response = handler(request, *args, **kwargs)
  File "D:\My\Studies\python\alif academy\python pro\Final Project\new project\limon\venv\lib\site-packages\rest_framework\mixins.py", line 20, in create
    headers = self.get_success_headers(serializer.data)
  File "D:\My\Studies\python\alif academy\python pro\Final Project\new project\limon\venv\lib\site-packages\rest_framework\serializers.py", line 555, in data
    ret = super().data
  File "D:\My\Studies\python\alif academy\python pro\Final Project\new project\limon\venv\lib\site-packages\rest_framework\serializers.py", line 255, in data
    self._data = self.to_representation(self.validated_data)
  File "D:\My\Studies\python\alif academy\python pro\Final Project\new project\limon\limonapp\api\serializers.py", line 26, in to_representation
    representation['attributes'] = instance.attributes
AttributeError: 'collections.OrderedDict' object has no attribute 'attributes'
ERROR 2024-03-07 03:19:25,716 basehttp 44588 44924 "POST /limon/api/adv/ HTTP/1.1" 500 118815
INFO 2024-03-07 03:19:31,222 autoreload 26356 45572 Watching for file changes with StatReloader
ERROR 2024-03-07 03:19:34,167 log 26356 37924 Internal Server Error: /limon/api/adv/
Traceback (most recent call last):
  File "D:\My\Studies\python\alif academy\python pro\Final Project\new project\limon\venv\lib\site-packages\django\core\handlers\exception.py", line 55, in inner
    response = get_response(request)
  File "D:\My\Studies\python\alif academy\python pro\Final Project\new project\limon\venv\lib\site-packages\django\core\handlers\base.py", line 197, in _get_response
    response = wrapped_callback(request, *callback_args, **callback_kwargs)
  File "D:\My\Studies\python\alif academy\python pro\Final Project\new project\limon\venv\lib\site-packages\django\views\decorators\csrf.py", line 65, in _view_wrapper
    return view_func(request, *args, **kwargs)
  File "D:\My\Studies\python\alif academy\python pro\Final Project\new project\limon\venv\lib\site-packages\rest_framework\viewsets.py", line 125, in view
    return self.dispatch(request, *args, **kwargs)
  File "D:\My\Studies\python\alif academy\python pro\Final Project\new project\limon\venv\lib\site-packages\rest_framework\views.py", line 509, in dispatch
    response = self.handle_exception(exc)
  File "D:\My\Studies\python\alif academy\python pro\Final Project\new project\limon\venv\lib\site-packages\rest_framework\views.py", line 469, in handle_exception
    self.raise_uncaught_exception(exc)
  File "D:\My\Studies\python\alif academy\python pro\Final Project\new project\limon\venv\lib\site-packages\rest_framework\views.py", line 480, in raise_uncaught_exception
    raise exc
  File "D:\My\Studies\python\alif academy\python pro\Final Project\new project\limon\venv\lib\site-packages\rest_framework\views.py", line 506, in dispatch
    response = handler(request, *args, **kwargs)
  File "D:\My\Studies\python\alif academy\python pro\Final Project\new project\limon\venv\lib\site-packages\rest_framework\mixins.py", line 20, in create
    headers = self.get_success_headers(serializer.data)
  File "D:\My\Studies\python\alif academy\python pro\Final Project\new project\limon\venv\lib\site-packages\rest_framework\serializers.py", line 555, in data
    ret = super().data
  File "D:\My\Studies\python\alif academy\python pro\Final Project\new project\limon\venv\lib\site-packages\rest_framework\serializers.py", line 255, in data
    self._data = self.to_representation(self.validated_data)
  File "D:\My\Studies\python\alif academy\python pro\Final Project\new project\limon\limonapp\api\serializers.py", line 26, in to_representation
    representation['attributes'] = instance.attributes
AttributeError: 'collections.OrderedDict' object has no attribute 'attributes'
ERROR 2024-03-07 03:19:34,169 basehttp 26356 37924 "POST /limon/api/adv/ HTTP/1.1" 500 118815
INFO 2024-03-07 03:21:56,149 autoreload 45740 25380 Watching for file changes with StatReloader
ERROR 2024-03-07 03:21:59,712 log 45740 34456 Internal Server Error: /limon/api/adv/
Traceback (most recent call last):
  File "D:\My\Studies\python\alif academy\python pro\Final Project\new project\limon\venv\lib\site-packages\django\core\handlers\exception.py", line 55, in inner
    response = get_response(request)
  File "D:\My\Studies\python\alif academy\python pro\Final Project\new project\limon\venv\lib\site-packages\django\core\handlers\base.py", line 197, in _get_response
    response = wrapped_callback(request, *callback_args, **callback_kwargs)
  File "D:\My\Studies\python\alif academy\python pro\Final Project\new project\limon\venv\lib\site-packages\django\views\decorators\csrf.py", line 65, in _view_wrapper
    return view_func(request, *args, **kwargs)
  File "D:\My\Studies\python\alif academy\python pro\Final Project\new project\limon\venv\lib\site-packages\rest_framework\viewsets.py", line 125, in view
    return self.dispatch(request, *args, **kwargs)
  File "D:\My\Studies\python\alif academy\python pro\Final Project\new project\limon\venv\lib\site-packages\rest_framework\views.py", line 509, in dispatch
    response = self.handle_exception(exc)
  File "D:\My\Studies\python\alif academy\python pro\Final Project\new project\limon\venv\lib\site-packages\rest_framework\views.py", line 469, in handle_exception
    self.raise_uncaught_exception(exc)
  File "D:\My\Studies\python\alif academy\python pro\Final Project\new project\limon\venv\lib\site-packages\rest_framework\views.py", line 480, in raise_uncaught_exception
    raise exc
  File "D:\My\Studies\python\alif academy\python pro\Final Project\new project\limon\venv\lib\site-packages\rest_framework\views.py", line 506, in dispatch
    response = handler(request, *args, **kwargs)
  File "D:\My\Studies\python\alif academy\python pro\Final Project\new project\limon\venv\lib\site-packages\rest_framework\mixins.py", line 20, in create
    headers = self.get_success_headers(serializer.data)
  File "D:\My\Studies\python\alif academy\python pro\Final Project\new project\limon\venv\lib\site-packages\rest_framework\serializers.py", line 555, in data
    ret = super().data
  File "D:\My\Studies\python\alif academy\python pro\Final Project\new project\limon\venv\lib\site-packages\rest_framework\serializers.py", line 255, in data
    self._data = self.to_representation(self.validated_data)
  File "D:\My\Studies\python\alif academy\python pro\Final Project\new project\limon\limonapp\api\serializers.py", line 31, in to_representation
    representation['attributes'] = json.loads(instance.attributes)  # Сериализация JSON в строку
AttributeError: 'collections.OrderedDict' object has no attribute 'attributes'
ERROR 2024-03-07 03:21:59,715 basehttp 45740 34456 "POST /limon/api/adv/ HTTP/1.1" 500 119043
INFO 2024-03-07 03:22:20,016 autoreload 45740 25380 D:\My\Studies\python\alif academy\python pro\Final Project\new project\limon\limonapp\api\serializers.py changed, reloading.
INFO 2024-03-07 03:22:20,456 autoreload 41004 44200 Watching for file changes with StatReloader
INFO 2024-03-07 03:24:12,417 autoreload 41004 44200 D:\My\Studies\python\alif academy\python pro\Final Project\new project\limon\limonapp\api\views.py changed, reloading.
INFO 2024-03-07 03:24:12,925 autoreload 46572 46576 Watching for file changes with StatReloader
WARNING 2024-03-07 03:24:15,266 log 46572 46652 Unauthorized: /limon/api/adv/
WARNING 2024-03-07 03:24:15,266 basehttp 46572 46652 "POST /limon/api/adv/ HTTP/1.1" 401 275
INFO 2024-03-07 03:24:20,855 basehttp 46572 46652 "POST /api/token/refresh/ HTTP/1.1" 200 241
INFO 2024-03-07 03:24:36,092 basehttp 46572 46652 "POST /limon/api/adv/ HTTP/1.1" 201 193
INFO 2024-03-07 03:25:16,462 autoreload 46572 46576 D:\My\Studies\python\alif academy\python pro\Final Project\new project\limon\limonapp\api\views.py changed, reloading.
INFO 2024-03-07 03:25:16,905 autoreload 43868 44752 Watching for file changes with StatReloader
WARNING 2024-03-07 03:25:24,745 log 43868 46340 Method Not Allowed: /limon/adv/35/
WARNING 2024-03-07 03:25:24,746 basehttp 43868 46340 "PUT /limon/adv/35/ HTTP/1.1" 405 54
WARNING 2024-03-07 03:29:49,014 log 43868 46340 Bad Request: /auth/sign-up/
WARNING 2024-03-07 03:29:49,015 basehttp 43868 46340 "POST /auth/sign-up/ HTTP/1.1" 400 145
WARNING 2024-03-07 03:29:53,950 log 43868 46340 Method Not Allowed: /auth/sign-up/
WARNING 2024-03-07 03:29:53,950 basehttp 43868 46340 "GET /auth/sign-up/ HTTP/1.1" 405 54
INFO 2024-03-07 03:30:00,115 basehttp 43868 46340 "POST /auth/sign-up/ HTTP/1.1" 201 483
INFO 2024-03-07 03:30:27,591 basehttp 43868 46340 "POST /auth/sign-in/ HTTP/1.1" 200 483
INFO 2024-03-07 03:31:25,924 basehttp 43868 46340 "POST /api/token/refresh/ HTTP/1.1" 200 241
WARNING 2024-03-07 03:33:50,088 log 43868 46340 Bad Request: /auth/sign-up/
WARNING 2024-03-07 03:33:50,088 basehttp 43868 46340 "POST /auth/sign-up/ HTTP/1.1" 400 145
INFO 2024-03-07 03:33:53,364 basehttp 43868 46340 "POST /auth/sign-in/ HTTP/1.1" 200 483
INFO 2024-03-07 03:38:47,377 autoreload 2688 43496 Watching for file changes with StatReloader
INFO 2024-03-07 03:48:53,702 autoreload 2688 43496 D:\My\Studies\python\alif academy\python pro\Final Project\new project\limon\limonapp\api\serializers.py changed, reloading.
INFO 2024-03-07 03:48:54,142 autoreload 46472 46580 Watching for file changes with StatReloader
INFO 2024-03-07 03:49:30,018 autoreload 45592 43492 Watching for file changes with StatReloader
INFO 2024-03-07 03:49:35,146 basehttp 45592 44468 "GET /limon/adv/ HTTP/1.1" 200 29467
INFO 2024-03-07 03:49:44,955 basehttp 45592 44468 "GET /limon/adv/?limit=10 HTTP/1.1" 200 16278
INFO 2024-03-07 03:49:44,990 basehttp 45592 44468 "GET /static/rest_framework/js/jquery-3.5.1.min.js HTTP/1.1" 304 0
INFO 2024-03-07 03:49:44,996 basehttp 45592 45788 "GET /static/rest_framework/js/bootstrap.min.js HTTP/1.1" 304 0
INFO 2024-03-07 03:49:44,996 basehttp 45592 46688 "GET /static/rest_framework/js/ajax-form.js HTTP/1.1" 304 0
INFO 2024-03-07 03:49:44,996 basehttp 45592 44384 "GET /static/rest_framework/js/prettify-min.js HTTP/1.1" 304 0
INFO 2024-03-07 03:49:44,998 basehttp 45592 45840 "GET /static/rest_framework/js/csrf.js HTTP/1.1" 304 0
INFO 2024-03-07 03:49:44,998 basehttp 45592 39820 "GET /static/rest_framework/js/default.js HTTP/1.1" 304 0
INFO 2024-03-07 03:49:45,000 basehttp 45592 45840 "GET /static/rest_framework/img/grid.png HTTP/1.1" 304 0
WARNING 2024-03-07 03:50:01,048 log 45592 39276 Unauthorized: /limon/api/adv/
WARNING 2024-03-07 03:50:01,048 basehttp 45592 39276 "GET /limon/api/adv/ HTTP/1.1" 401 275
INFO 2024-03-07 03:50:08,979 basehttp 45592 39276 "POST /api/token/refresh/ HTTP/1.1" 200 241
ERROR 2024-03-07 03:50:22,979 log 45592 39276 Internal Server Error: /limon/api/adv/
Traceback (most recent call last):
  File "D:\My\Studies\python\alif academy\python pro\Final Project\new project\limon\venv\lib\site-packages\django\core\handlers\exception.py", line 55, in inner
    response = get_response(request)
  File "D:\My\Studies\python\alif academy\python pro\Final Project\new project\limon\venv\lib\site-packages\django\core\handlers\base.py", line 197, in _get_response
    response = wrapped_callback(request, *callback_args, **callback_kwargs)
  File "D:\My\Studies\python\alif academy\python pro\Final Project\new project\limon\venv\lib\site-packages\django\views\decorators\csrf.py", line 65, in _view_wrapper
    return view_func(request, *args, **kwargs)
  File "D:\My\Studies\python\alif academy\python pro\Final Project\new project\limon\venv\lib\site-packages\rest_framework\viewsets.py", line 125, in view
    return self.dispatch(request, *args, **kwargs)
  File "D:\My\Studies\python\alif academy\python pro\Final Project\new project\limon\venv\lib\site-packages\rest_framework\views.py", line 509, in dispatch
    response = self.handle_exception(exc)
  File "D:\My\Studies\python\alif academy\python pro\Final Project\new project\limon\venv\lib\site-packages\rest_framework\views.py", line 469, in handle_exception
    self.raise_uncaught_exception(exc)
  File "D:\My\Studies\python\alif academy\python pro\Final Project\new project\limon\venv\lib\site-packages\rest_framework\views.py", line 480, in raise_uncaught_exception
    raise exc
  File "D:\My\Studies\python\alif academy\python pro\Final Project\new project\limon\venv\lib\site-packages\rest_framework\views.py", line 506, in dispatch
    response = handler(request, *args, **kwargs)
  File "D:\My\Studies\python\alif academy\python pro\Final Project\new project\limon\venv\lib\site-packages\rest_framework\mixins.py", line 43, in list
    return self.get_paginated_response(serializer.data)
  File "D:\My\Studies\python\alif academy\python pro\Final Project\new project\limon\venv\lib\site-packages\rest_framework\serializers.py", line 768, in data
    ret = super().data
  File "D:\My\Studies\python\alif academy\python pro\Final Project\new project\limon\venv\lib\site-packages\rest_framework\serializers.py", line 253, in data
    self._data = self.to_representation(self.instance)
  File "D:\My\Studies\python\alif academy\python pro\Final Project\new project\limon\venv\lib\site-packages\rest_framework\serializers.py", line 686, in to_representation
    return [
  File "D:\My\Studies\python\alif academy\python pro\Final Project\new project\limon\venv\lib\site-packages\rest_framework\serializers.py", line 687, in <listcomp>
    self.child.to_representation(item) for item in iterable
  File "D:\My\Studies\python\alif academy\python pro\Final Project\new project\limon\limonapp\api\serializers.py", line 32, in to_representation
    representation = super().to_representation(instance)
  File "D:\My\Studies\python\alif academy\python pro\Final Project\new project\limon\venv\lib\site-packages\rest_framework\serializers.py", line 507, in to_representation
    for field in fields:
  File "D:\My\Studies\python\alif academy\python pro\Final Project\new project\limon\venv\lib\site-packages\rest_framework\serializers.py", line 368, in _readable_fields
    for field in self.fields.values():
  File "D:\My\Studies\python\alif academy\python pro\Final Project\new project\limon\venv\lib\site-packages\django\utils\functional.py", line 47, in __get__
    res = instance.__dict__[self.name] = self.func(instance)
  File "D:\My\Studies\python\alif academy\python pro\Final Project\new project\limon\venv\lib\site-packages\rest_framework\serializers.py", line 356, in fields
    for key, value in self.get_fields().items():
  File "D:\My\Studies\python\alif academy\python pro\Final Project\new project\limon\venv\lib\site-packages\rest_framework\serializers.py", line 1052, in get_fields
    field_names = self.get_field_names(declared_fields, info)
  File "D:\My\Studies\python\alif academy\python pro\Final Project\new project\limon\venv\lib\site-packages\rest_framework\serializers.py", line 1148, in get_field_names
    assert field_name in fields, (
AssertionError: The field 'images' was declared on serializer AdvertisementSerializer, but has not been included in the 'fields' option.
ERROR 2024-03-07 03:50:22,981 basehttp 45592 39276 "GET /limon/api/adv/ HTTP/1.1" 500 164771
ERROR 2024-03-07 03:50:33,868 log 45592 39276 Internal Server Error: /limon/api/adv/
Traceback (most recent call last):
  File "D:\My\Studies\python\alif academy\python pro\Final Project\new project\limon\venv\lib\site-packages\django\core\handlers\exception.py", line 55, in inner
    response = get_response(request)
  File "D:\My\Studies\python\alif academy\python pro\Final Project\new project\limon\venv\lib\site-packages\django\core\handlers\base.py", line 197, in _get_response
    response = wrapped_callback(request, *callback_args, **callback_kwargs)
  File "D:\My\Studies\python\alif academy\python pro\Final Project\new project\limon\venv\lib\site-packages\django\views\decorators\csrf.py", line 65, in _view_wrapper
    return view_func(request, *args, **kwargs)
  File "D:\My\Studies\python\alif academy\python pro\Final Project\new project\limon\venv\lib\site-packages\rest_framework\viewsets.py", line 125, in view
    return self.dispatch(request, *args, **kwargs)
  File "D:\My\Studies\python\alif academy\python pro\Final Project\new project\limon\venv\lib\site-packages\rest_framework\views.py", line 509, in dispatch
    response = self.handle_exception(exc)
  File "D:\My\Studies\python\alif academy\python pro\Final Project\new project\limon\venv\lib\site-packages\rest_framework\views.py", line 469, in handle_exception
    self.raise_uncaught_exception(exc)
  File "D:\My\Studies\python\alif academy\python pro\Final Project\new project\limon\venv\lib\site-packages\rest_framework\views.py", line 480, in raise_uncaught_exception
    raise exc
  File "D:\My\Studies\python\alif academy\python pro\Final Project\new project\limon\venv\lib\site-packages\rest_framework\views.py", line 506, in dispatch
    response = handler(request, *args, **kwargs)
  File "D:\My\Studies\python\alif academy\python pro\Final Project\new project\limon\venv\lib\site-packages\rest_framework\mixins.py", line 43, in list
    return self.get_paginated_response(serializer.data)
  File "D:\My\Studies\python\alif academy\python pro\Final Project\new project\limon\venv\lib\site-packages\rest_framework\serializers.py", line 768, in data
    ret = super().data
  File "D:\My\Studies\python\alif academy\python pro\Final Project\new project\limon\venv\lib\site-packages\rest_framework\serializers.py", line 253, in data
    self._data = self.to_representation(self.instance)
  File "D:\My\Studies\python\alif academy\python pro\Final Project\new project\limon\venv\lib\site-packages\rest_framework\serializers.py", line 686, in to_representation
    return [
  File "D:\My\Studies\python\alif academy\python pro\Final Project\new project\limon\venv\lib\site-packages\rest_framework\serializers.py", line 687, in <listcomp>
    self.child.to_representation(item) for item in iterable
  File "D:\My\Studies\python\alif academy\python pro\Final Project\new project\limon\limonapp\api\serializers.py", line 32, in to_representation
    representation = super().to_representation(instance)
  File "D:\My\Studies\python\alif academy\python pro\Final Project\new project\limon\venv\lib\site-packages\rest_framework\serializers.py", line 507, in to_representation
    for field in fields:
  File "D:\My\Studies\python\alif academy\python pro\Final Project\new project\limon\venv\lib\site-packages\rest_framework\serializers.py", line 368, in _readable_fields
    for field in self.fields.values():
  File "D:\My\Studies\python\alif academy\python pro\Final Project\new project\limon\venv\lib\site-packages\django\utils\functional.py", line 47, in __get__
    res = instance.__dict__[self.name] = self.func(instance)
  File "D:\My\Studies\python\alif academy\python pro\Final Project\new project\limon\venv\lib\site-packages\rest_framework\serializers.py", line 356, in fields
    for key, value in self.get_fields().items():
  File "D:\My\Studies\python\alif academy\python pro\Final Project\new project\limon\venv\lib\site-packages\rest_framework\serializers.py", line 1052, in get_fields
    field_names = self.get_field_names(declared_fields, info)
  File "D:\My\Studies\python\alif academy\python pro\Final Project\new project\limon\venv\lib\site-packages\rest_framework\serializers.py", line 1148, in get_field_names
    assert field_name in fields, (
AssertionError: The field 'images' was declared on serializer AdvertisementSerializer, but has not been included in the 'fields' option.
ERROR 2024-03-07 03:50:33,870 basehttp 45592 39276 "GET /limon/api/adv/ HTTP/1.1" 500 164771
INFO 2024-03-07 03:50:38,285 basehttp 45592 39276 "POST /auth/sign-in/ HTTP/1.1" 200 483
ERROR 2024-03-07 03:50:48,204 log 45592 39276 Internal Server Error: /limon/api/adv/
Traceback (most recent call last):
  File "D:\My\Studies\python\alif academy\python pro\Final Project\new project\limon\venv\lib\site-packages\django\core\handlers\exception.py", line 55, in inner
    response = get_response(request)
  File "D:\My\Studies\python\alif academy\python pro\Final Project\new project\limon\venv\lib\site-packages\django\core\handlers\base.py", line 197, in _get_response
    response = wrapped_callback(request, *callback_args, **callback_kwargs)
  File "D:\My\Studies\python\alif academy\python pro\Final Project\new project\limon\venv\lib\site-packages\django\views\decorators\csrf.py", line 65, in _view_wrapper
    return view_func(request, *args, **kwargs)
  File "D:\My\Studies\python\alif academy\python pro\Final Project\new project\limon\venv\lib\site-packages\rest_framework\viewsets.py", line 125, in view
    return self.dispatch(request, *args, **kwargs)
  File "D:\My\Studies\python\alif academy\python pro\Final Project\new project\limon\venv\lib\site-packages\rest_framework\views.py", line 509, in dispatch
    response = self.handle_exception(exc)
  File "D:\My\Studies\python\alif academy\python pro\Final Project\new project\limon\venv\lib\site-packages\rest_framework\views.py", line 469, in handle_exception
    self.raise_uncaught_exception(exc)
  File "D:\My\Studies\python\alif academy\python pro\Final Project\new project\limon\venv\lib\site-packages\rest_framework\views.py", line 480, in raise_uncaught_exception
    raise exc
  File "D:\My\Studies\python\alif academy\python pro\Final Project\new project\limon\venv\lib\site-packages\rest_framework\views.py", line 506, in dispatch
    response = handler(request, *args, **kwargs)
  File "D:\My\Studies\python\alif academy\python pro\Final Project\new project\limon\venv\lib\site-packages\rest_framework\mixins.py", line 43, in list
    return self.get_paginated_response(serializer.data)
  File "D:\My\Studies\python\alif academy\python pro\Final Project\new project\limon\venv\lib\site-packages\rest_framework\serializers.py", line 768, in data
    ret = super().data
  File "D:\My\Studies\python\alif academy\python pro\Final Project\new project\limon\venv\lib\site-packages\rest_framework\serializers.py", line 253, in data
    self._data = self.to_representation(self.instance)
  File "D:\My\Studies\python\alif academy\python pro\Final Project\new project\limon\venv\lib\site-packages\rest_framework\serializers.py", line 686, in to_representation
    return [
  File "D:\My\Studies\python\alif academy\python pro\Final Project\new project\limon\venv\lib\site-packages\rest_framework\serializers.py", line 687, in <listcomp>
    self.child.to_representation(item) for item in iterable
  File "D:\My\Studies\python\alif academy\python pro\Final Project\new project\limon\limonapp\api\serializers.py", line 32, in to_representation
    representation = super().to_representation(instance)
  File "D:\My\Studies\python\alif academy\python pro\Final Project\new project\limon\venv\lib\site-packages\rest_framework\serializers.py", line 507, in to_representation
    for field in fields:
  File "D:\My\Studies\python\alif academy\python pro\Final Project\new project\limon\venv\lib\site-packages\rest_framework\serializers.py", line 368, in _readable_fields
    for field in self.fields.values():
  File "D:\My\Studies\python\alif academy\python pro\Final Project\new project\limon\venv\lib\site-packages\django\utils\functional.py", line 47, in __get__
    res = instance.__dict__[self.name] = self.func(instance)
  File "D:\My\Studies\python\alif academy\python pro\Final Project\new project\limon\venv\lib\site-packages\rest_framework\serializers.py", line 356, in fields
    for key, value in self.get_fields().items():
  File "D:\My\Studies\python\alif academy\python pro\Final Project\new project\limon\venv\lib\site-packages\rest_framework\serializers.py", line 1052, in get_fields
    field_names = self.get_field_names(declared_fields, info)
  File "D:\My\Studies\python\alif academy\python pro\Final Project\new project\limon\venv\lib\site-packages\rest_framework\serializers.py", line 1148, in get_field_names
    assert field_name in fields, (
AssertionError: The field 'images' was declared on serializer AdvertisementSerializer, but has not been included in the 'fields' option.
ERROR 2024-03-07 03:50:48,206 basehttp 45592 39276 "GET /limon/api/adv/ HTTP/1.1" 500 164771
INFO 2024-03-07 03:53:42,446 autoreload 45420 31932 Watching for file changes with StatReloader
ERROR 2024-03-07 03:53:46,981 log 45420 46532 Internal Server Error: /limon/api/adv/
Traceback (most recent call last):
  File "D:\My\Studies\python\alif academy\python pro\Final Project\new project\limon\venv\lib\site-packages\django\core\handlers\exception.py", line 55, in inner
    response = get_response(request)
  File "D:\My\Studies\python\alif academy\python pro\Final Project\new project\limon\venv\lib\site-packages\django\core\handlers\base.py", line 197, in _get_response
    response = wrapped_callback(request, *callback_args, **callback_kwargs)
  File "D:\My\Studies\python\alif academy\python pro\Final Project\new project\limon\venv\lib\site-packages\django\views\decorators\csrf.py", line 65, in _view_wrapper
    return view_func(request, *args, **kwargs)
  File "D:\My\Studies\python\alif academy\python pro\Final Project\new project\limon\venv\lib\site-packages\rest_framework\viewsets.py", line 125, in view
    return self.dispatch(request, *args, **kwargs)
  File "D:\My\Studies\python\alif academy\python pro\Final Project\new project\limon\venv\lib\site-packages\rest_framework\views.py", line 509, in dispatch
    response = self.handle_exception(exc)
  File "D:\My\Studies\python\alif academy\python pro\Final Project\new project\limon\venv\lib\site-packages\rest_framework\views.py", line 469, in handle_exception
    self.raise_uncaught_exception(exc)
  File "D:\My\Studies\python\alif academy\python pro\Final Project\new project\limon\venv\lib\site-packages\rest_framework\views.py", line 480, in raise_uncaught_exception
    raise exc
  File "D:\My\Studies\python\alif academy\python pro\Final Project\new project\limon\venv\lib\site-packages\rest_framework\views.py", line 506, in dispatch
    response = handler(request, *args, **kwargs)
  File "D:\My\Studies\python\alif academy\python pro\Final Project\new project\limon\venv\lib\site-packages\rest_framework\mixins.py", line 43, in list
    return self.get_paginated_response(serializer.data)
  File "D:\My\Studies\python\alif academy\python pro\Final Project\new project\limon\venv\lib\site-packages\rest_framework\serializers.py", line 768, in data
    ret = super().data
  File "D:\My\Studies\python\alif academy\python pro\Final Project\new project\limon\venv\lib\site-packages\rest_framework\serializers.py", line 253, in data
    self._data = self.to_representation(self.instance)
  File "D:\My\Studies\python\alif academy\python pro\Final Project\new project\limon\venv\lib\site-packages\rest_framework\serializers.py", line 686, in to_representation
    return [
  File "D:\My\Studies\python\alif academy\python pro\Final Project\new project\limon\venv\lib\site-packages\rest_framework\serializers.py", line 687, in <listcomp>
    self.child.to_representation(item) for item in iterable
  File "D:\My\Studies\python\alif academy\python pro\Final Project\new project\limon\limonapp\api\serializers.py", line 32, in to_representation
    representation = super().to_representation(instance)
  File "D:\My\Studies\python\alif academy\python pro\Final Project\new project\limon\venv\lib\site-packages\rest_framework\serializers.py", line 507, in to_representation
    for field in fields:
  File "D:\My\Studies\python\alif academy\python pro\Final Project\new project\limon\venv\lib\site-packages\rest_framework\serializers.py", line 368, in _readable_fields
    for field in self.fields.values():
  File "D:\My\Studies\python\alif academy\python pro\Final Project\new project\limon\venv\lib\site-packages\django\utils\functional.py", line 47, in __get__
    res = instance.__dict__[self.name] = self.func(instance)
  File "D:\My\Studies\python\alif academy\python pro\Final Project\new project\limon\venv\lib\site-packages\rest_framework\serializers.py", line 356, in fields
    for key, value in self.get_fields().items():
  File "D:\My\Studies\python\alif academy\python pro\Final Project\new project\limon\venv\lib\site-packages\rest_framework\serializers.py", line 1052, in get_fields
    field_names = self.get_field_names(declared_fields, info)
  File "D:\My\Studies\python\alif academy\python pro\Final Project\new project\limon\venv\lib\site-packages\rest_framework\serializers.py", line 1148, in get_field_names
    assert field_name in fields, (
AssertionError: The field 'images' was declared on serializer AdvertisementSerializer, but has not been included in the 'fields' option.
ERROR 2024-03-07 03:53:46,983 basehttp 45420 46532 "GET /limon/api/adv/ HTTP/1.1" 500 160847
ERROR 2024-03-07 03:53:51,748 log 45420 46532 Internal Server Error: /limon/api/adv/
Traceback (most recent call last):
  File "D:\My\Studies\python\alif academy\python pro\Final Project\new project\limon\venv\lib\site-packages\django\core\handlers\exception.py", line 55, in inner
    response = get_response(request)
  File "D:\My\Studies\python\alif academy\python pro\Final Project\new project\limon\venv\lib\site-packages\django\core\handlers\base.py", line 197, in _get_response
    response = wrapped_callback(request, *callback_args, **callback_kwargs)
  File "D:\My\Studies\python\alif academy\python pro\Final Project\new project\limon\venv\lib\site-packages\django\views\decorators\csrf.py", line 65, in _view_wrapper
    return view_func(request, *args, **kwargs)
  File "D:\My\Studies\python\alif academy\python pro\Final Project\new project\limon\venv\lib\site-packages\rest_framework\viewsets.py", line 125, in view
    return self.dispatch(request, *args, **kwargs)
  File "D:\My\Studies\python\alif academy\python pro\Final Project\new project\limon\venv\lib\site-packages\rest_framework\views.py", line 509, in dispatch
    response = self.handle_exception(exc)
  File "D:\My\Studies\python\alif academy\python pro\Final Project\new project\limon\venv\lib\site-packages\rest_framework\views.py", line 469, in handle_exception
    self.raise_uncaught_exception(exc)
  File "D:\My\Studies\python\alif academy\python pro\Final Project\new project\limon\venv\lib\site-packages\rest_framework\views.py", line 480, in raise_uncaught_exception
    raise exc
  File "D:\My\Studies\python\alif academy\python pro\Final Project\new project\limon\venv\lib\site-packages\rest_framework\views.py", line 506, in dispatch
    response = handler(request, *args, **kwargs)
  File "D:\My\Studies\python\alif academy\python pro\Final Project\new project\limon\venv\lib\site-packages\rest_framework\mixins.py", line 43, in list
    return self.get_paginated_response(serializer.data)
  File "D:\My\Studies\python\alif academy\python pro\Final Project\new project\limon\venv\lib\site-packages\rest_framework\serializers.py", line 768, in data
    ret = super().data
  File "D:\My\Studies\python\alif academy\python pro\Final Project\new project\limon\venv\lib\site-packages\rest_framework\serializers.py", line 253, in data
    self._data = self.to_representation(self.instance)
  File "D:\My\Studies\python\alif academy\python pro\Final Project\new project\limon\venv\lib\site-packages\rest_framework\serializers.py", line 686, in to_representation
    return [
  File "D:\My\Studies\python\alif academy\python pro\Final Project\new project\limon\venv\lib\site-packages\rest_framework\serializers.py", line 687, in <listcomp>
    self.child.to_representation(item) for item in iterable
  File "D:\My\Studies\python\alif academy\python pro\Final Project\new project\limon\limonapp\api\serializers.py", line 32, in to_representation
    representation = super().to_representation(instance)
  File "D:\My\Studies\python\alif academy\python pro\Final Project\new project\limon\venv\lib\site-packages\rest_framework\serializers.py", line 507, in to_representation
    for field in fields:
  File "D:\My\Studies\python\alif academy\python pro\Final Project\new project\limon\venv\lib\site-packages\rest_framework\serializers.py", line 368, in _readable_fields
    for field in self.fields.values():
  File "D:\My\Studies\python\alif academy\python pro\Final Project\new project\limon\venv\lib\site-packages\django\utils\functional.py", line 47, in __get__
    res = instance.__dict__[self.name] = self.func(instance)
  File "D:\My\Studies\python\alif academy\python pro\Final Project\new project\limon\venv\lib\site-packages\rest_framework\serializers.py", line 356, in fields
    for key, value in self.get_fields().items():
  File "D:\My\Studies\python\alif academy\python pro\Final Project\new project\limon\venv\lib\site-packages\rest_framework\serializers.py", line 1052, in get_fields
    field_names = self.get_field_names(declared_fields, info)
  File "D:\My\Studies\python\alif academy\python pro\Final Project\new project\limon\venv\lib\site-packages\rest_framework\serializers.py", line 1148, in get_field_names
    assert field_name in fields, (
AssertionError: The field 'images' was declared on serializer AdvertisementSerializer, but has not been included in the 'fields' option.
ERROR 2024-03-07 03:53:51,751 basehttp 45420 46532 "GET /limon/api/adv/ HTTP/1.1" 500 160847
INFO 2024-03-07 03:54:19,974 autoreload 47688 47692 Watching for file changes with StatReloader
ERROR 2024-03-07 03:54:21,798 log 47688 47752 Internal Server Error: /limon/api/adv/
Traceback (most recent call last):
  File "D:\My\Studies\python\alif academy\python pro\Final Project\new project\limon\venv\lib\site-packages\django\core\handlers\exception.py", line 55, in inner
    response = get_response(request)
  File "D:\My\Studies\python\alif academy\python pro\Final Project\new project\limon\venv\lib\site-packages\django\core\handlers\base.py", line 197, in _get_response
    response = wrapped_callback(request, *callback_args, **callback_kwargs)
  File "D:\My\Studies\python\alif academy\python pro\Final Project\new project\limon\venv\lib\site-packages\django\views\decorators\csrf.py", line 65, in _view_wrapper
    return view_func(request, *args, **kwargs)
  File "D:\My\Studies\python\alif academy\python pro\Final Project\new project\limon\venv\lib\site-packages\rest_framework\viewsets.py", line 125, in view
    return self.dispatch(request, *args, **kwargs)
  File "D:\My\Studies\python\alif academy\python pro\Final Project\new project\limon\venv\lib\site-packages\rest_framework\views.py", line 509, in dispatch
    response = self.handle_exception(exc)
  File "D:\My\Studies\python\alif academy\python pro\Final Project\new project\limon\venv\lib\site-packages\rest_framework\views.py", line 469, in handle_exception
    self.raise_uncaught_exception(exc)
  File "D:\My\Studies\python\alif academy\python pro\Final Project\new project\limon\venv\lib\site-packages\rest_framework\views.py", line 480, in raise_uncaught_exception
    raise exc
  File "D:\My\Studies\python\alif academy\python pro\Final Project\new project\limon\venv\lib\site-packages\rest_framework\views.py", line 506, in dispatch
    response = handler(request, *args, **kwargs)
  File "D:\My\Studies\python\alif academy\python pro\Final Project\new project\limon\venv\lib\site-packages\rest_framework\mixins.py", line 43, in list
    return self.get_paginated_response(serializer.data)
  File "D:\My\Studies\python\alif academy\python pro\Final Project\new project\limon\venv\lib\site-packages\rest_framework\serializers.py", line 768, in data
    ret = super().data
  File "D:\My\Studies\python\alif academy\python pro\Final Project\new project\limon\venv\lib\site-packages\rest_framework\serializers.py", line 253, in data
    self._data = self.to_representation(self.instance)
  File "D:\My\Studies\python\alif academy\python pro\Final Project\new project\limon\venv\lib\site-packages\rest_framework\serializers.py", line 686, in to_representation
    return [
  File "D:\My\Studies\python\alif academy\python pro\Final Project\new project\limon\venv\lib\site-packages\rest_framework\serializers.py", line 687, in <listcomp>
    self.child.to_representation(item) for item in iterable
  File "D:\My\Studies\python\alif academy\python pro\Final Project\new project\limon\limonapp\api\serializers.py", line 32, in to_representation
    representation = super().to_representation(instance)
  File "D:\My\Studies\python\alif academy\python pro\Final Project\new project\limon\venv\lib\site-packages\rest_framework\serializers.py", line 507, in to_representation
    for field in fields:
  File "D:\My\Studies\python\alif academy\python pro\Final Project\new project\limon\venv\lib\site-packages\rest_framework\serializers.py", line 368, in _readable_fields
    for field in self.fields.values():
  File "D:\My\Studies\python\alif academy\python pro\Final Project\new project\limon\venv\lib\site-packages\django\utils\functional.py", line 47, in __get__
    res = instance.__dict__[self.name] = self.func(instance)
  File "D:\My\Studies\python\alif academy\python pro\Final Project\new project\limon\venv\lib\site-packages\rest_framework\serializers.py", line 356, in fields
    for key, value in self.get_fields().items():
  File "D:\My\Studies\python\alif academy\python pro\Final Project\new project\limon\venv\lib\site-packages\rest_framework\serializers.py", line 1052, in get_fields
    field_names = self.get_field_names(declared_fields, info)
  File "D:\My\Studies\python\alif academy\python pro\Final Project\new project\limon\venv\lib\site-packages\rest_framework\serializers.py", line 1148, in get_field_names
    assert field_name in fields, (
AssertionError: The field 'images' was declared on serializer AdvertisementSerializer, but has not been included in the 'fields' option.
ERROR 2024-03-07 03:54:21,801 basehttp 47688 47752 "GET /limon/api/adv/ HTTP/1.1" 500 160847
INFO 2024-03-07 03:56:57,436 autoreload 45736 47288 Watching for file changes with StatReloader
WARNING 2024-03-07 03:57:00,334 log 45736 44156 Unauthorized: /limon/api/adv/
WARNING 2024-03-07 03:57:00,335 basehttp 45736 44156 "GET /limon/api/adv/ HTTP/1.1" 401 275
INFO 2024-03-07 03:57:08,212 basehttp 45736 44156 "POST /auth/sign-in/ HTTP/1.1" 200 483
INFO 2024-03-07 03:57:18,559 basehttp 45736 44156 "GET /limon/api/adv/ HTTP/1.1" 200 10824
INFO 2024-03-07 03:57:36,816 basehttp 45736 44156 "GET /limon/adv/31 HTTP/1.1" 301 0
WARNING 2024-03-07 03:57:36,824 log 45736 46240 Unauthorized: /limon/adv/31/
WARNING 2024-03-07 03:57:36,825 basehttp 45736 46240 "GET /limon/adv/31/ HTTP/1.1" 401 275
INFO 2024-03-07 03:57:42,968 basehttp 45736 46240 "GET /limon/adv/31 HTTP/1.1" 301 0
INFO 2024-03-07 03:57:42,984 basehttp 45736 47208 "GET /limon/adv/31/ HTTP/1.1" 200 245
INFO 2024-03-07 03:57:49,307 basehttp 45736 47208 "POST /limon/api/adv/ HTTP/1.1" 201 193
WARNING 2024-03-07 03:59:26,075 log 45736 47208 Bad Request: /limon/api/adv/
WARNING 2024-03-07 03:59:26,075 basehttp 45736 47208 "POST /limon/api/adv/ HTTP/1.1" 400 77
INFO 2024-03-07 04:01:09,257 basehttp 45736 47208 "POST /limon/api/adv/ HTTP/1.1" 201 193
INFO 2024-03-07 04:01:17,836 basehttp 45736 47208 "GET /limon/api/adv/ HTTP/1.1" 200 11212
INFO 2024-03-07 04:01:33,468 basehttp 45736 47208 "POST /limon/api/adv/ HTTP/1.1" 201 193
WARNING 2024-03-07 04:02:08,928 log 45736 47208 Unauthorized: /limon/api/adv/
WARNING 2024-03-07 04:02:08,928 basehttp 45736 47208 "POST /limon/api/adv/ HTTP/1.1" 401 275
INFO 2024-03-07 04:02:14,913 basehttp 45736 47208 "POST /api/token/refresh/ HTTP/1.1" 200 241
INFO 2024-03-07 04:02:26,053 basehttp 45736 47208 "POST /limon/api/adv/ HTTP/1.1" 201 193
WARNING 2024-03-07 04:02:39,829 log 45736 47208 Unauthorized: /limon/adv/35/
WARNING 2024-03-07 04:02:39,829 basehttp 45736 47208 "PUT /limon/adv/35/ HTTP/1.1" 401 275
INFO 2024-03-07 04:02:44,746 basehttp 45736 47208 "POST /api/token/refresh/ HTTP/1.1" 200 241
WARNING 2024-03-07 04:02:55,882 log 45736 47208 Method Not Allowed: /limon/adv/35/
WARNING 2024-03-07 04:02:55,882 basehttp 45736 47208 "PUT /limon/adv/35/ HTTP/1.1" 405 54
INFO 2024-03-07 04:06:54,705 autoreload 46656 46560 Watching for file changes with StatReloader
WARNING 2024-03-07 04:06:59,204 log 46656 44864 Unauthorized: /limon/api/adv/
WARNING 2024-03-07 04:06:59,205 basehttp 46656 44864 "GET /limon/api/adv/ HTTP/1.1" 401 275
INFO 2024-03-07 04:07:06,590 basehttp 46656 44864 "POST /api/token/refresh/ HTTP/1.1" 200 241
INFO 2024-03-07 04:07:19,520 basehttp 46656 44864 "POST /limon/api/adv/ HTTP/1.1" 201 193
INFO 2024-03-07 04:07:22,825 basehttp 46656 44864 "POST /limon/api/adv/ HTTP/1.1" 201 193
WARNING 2024-03-07 04:07:27,337 log 46656 44864 Unauthorized: /limon/api/adv/
WARNING 2024-03-07 04:07:27,337 basehttp 46656 44864 "GET /limon/api/adv/ HTTP/1.1" 401 275
INFO 2024-03-07 04:07:39,599 basehttp 46656 44864 "GET /limon/api/adv/ HTTP/1.1" 200 11988
INFO 2024-03-07 04:09:02,841 autoreload 46656 46560 D:\My\Studies\python\alif academy\python pro\Final Project\new project\limon\limonapp\serializers.py changed, reloading.
INFO 2024-03-07 04:09:03,317 autoreload 44560 45880 Watching for file changes with StatReloader
INFO 2024-03-07 04:09:41,676 autoreload 44560 45880 D:\My\Studies\python\alif academy\python pro\Final Project\new project\limon\limonapp\serializers.py changed, reloading.
INFO 2024-03-07 04:09:42,116 autoreload 46228 45284 Watching for file changes with StatReloader
INFO 2024-03-07 04:09:59,555 autoreload 46228 45284 D:\My\Studies\python\alif academy\python pro\Final Project\new project\limon\limonapp\serializers.py changed, reloading.
INFO 2024-03-07 04:10:00,005 autoreload 47680 47896 Watching for file changes with StatReloader
INFO 2024-03-07 04:10:05,981 autoreload 46120 45092 Watching for file changes with StatReloader
INFO 2024-03-07 04:10:10,314 basehttp 46120 46528 "GET /limon/api/adv/ HTTP/1.1" 200 11988
INFO 2024-03-07 04:15:26,443 autoreload 47988 47576 Watching for file changes with StatReloader
INFO 2024-03-07 04:16:45,497 autoreload 48080 46732 Watching for file changes with StatReloader
INFO 2024-03-07 04:17:24,963 autoreload 47564 47804 Watching for file changes with StatReloader
INFO 2024-03-07 04:18:15,889 autoreload 39344 46784 Watching for file changes with StatReloader
WARNING 2024-03-07 04:18:22,975 log 39344 46412 Unauthorized: /limon/api/adv/
WARNING 2024-03-07 04:18:22,976 basehttp 39344 46412 "GET /limon/api/adv/ HTTP/1.1" 401 275
INFO 2024-03-07 04:18:26,489 basehttp 39344 46412 "POST /api/token/refresh/ HTTP/1.1" 200 241
ERROR 2024-03-07 04:18:35,243 log 39344 46412 Internal Server Error: /limon/api/adv/
Traceback (most recent call last):
  File "D:\My\Studies\python\alif academy\python pro\Final Project\new project\limon\venv\lib\site-packages\django\db\backends\utils.py", line 105, in _execute
    return self.cursor.execute(sql, params)
  File "D:\My\Studies\python\alif academy\python pro\Final Project\new project\limon\venv\lib\site-packages\django\db\backends\sqlite3\base.py", line 329, in execute
    return super().execute(query, params)
sqlite3.OperationalError: no such column: limonapp_advertisement.images

The above exception was the direct cause of the following exception:

Traceback (most recent call last):
  File "D:\My\Studies\python\alif academy\python pro\Final Project\new project\limon\venv\lib\site-packages\django\core\handlers\exception.py", line 55, in inner
    response = get_response(request)
  File "D:\My\Studies\python\alif academy\python pro\Final Project\new project\limon\venv\lib\site-packages\django\core\handlers\base.py", line 197, in _get_response
    response = wrapped_callback(request, *callback_args, **callback_kwargs)
  File "D:\My\Studies\python\alif academy\python pro\Final Project\new project\limon\venv\lib\site-packages\django\views\decorators\csrf.py", line 65, in _view_wrapper
    return view_func(request, *args, **kwargs)
  File "D:\My\Studies\python\alif academy\python pro\Final Project\new project\limon\venv\lib\site-packages\rest_framework\viewsets.py", line 125, in view
    return self.dispatch(request, *args, **kwargs)
  File "D:\My\Studies\python\alif academy\python pro\Final Project\new project\limon\venv\lib\site-packages\rest_framework\views.py", line 509, in dispatch
    response = self.handle_exception(exc)
  File "D:\My\Studies\python\alif academy\python pro\Final Project\new project\limon\venv\lib\site-packages\rest_framework\views.py", line 469, in handle_exception
    self.raise_uncaught_exception(exc)
  File "D:\My\Studies\python\alif academy\python pro\Final Project\new project\limon\venv\lib\site-packages\rest_framework\views.py", line 480, in raise_uncaught_exception
    raise exc
  File "D:\My\Studies\python\alif academy\python pro\Final Project\new project\limon\venv\lib\site-packages\rest_framework\views.py", line 506, in dispatch
    response = handler(request, *args, **kwargs)
  File "D:\My\Studies\python\alif academy\python pro\Final Project\new project\limon\venv\lib\site-packages\rest_framework\mixins.py", line 40, in list
    page = self.paginate_queryset(queryset)
  File "D:\My\Studies\python\alif academy\python pro\Final Project\new project\limon\venv\lib\site-packages\rest_framework\generics.py", line 171, in paginate_queryset
    return self.paginator.paginate_queryset(queryset, self.request, view=self)
  File "D:\My\Studies\python\alif academy\python pro\Final Project\new project\limon\venv\lib\site-packages\rest_framework\pagination.py", line 395, in paginate_queryset
    return list(queryset[self.offset:self.offset + self.limit])
  File "D:\My\Studies\python\alif academy\python pro\Final Project\new project\limon\venv\lib\site-packages\django\db\models\query.py", line 400, in __iter__
    self._fetch_all()
  File "D:\My\Studies\python\alif academy\python pro\Final Project\new project\limon\venv\lib\site-packages\django\db\models\query.py", line 1928, in _fetch_all
    self._result_cache = list(self._iterable_class(self))
  File "D:\My\Studies\python\alif academy\python pro\Final Project\new project\limon\venv\lib\site-packages\django\db\models\query.py", line 91, in __iter__
    results = compiler.execute_sql(
  File "D:\My\Studies\python\alif academy\python pro\Final Project\new project\limon\venv\lib\site-packages\django\db\models\sql\compiler.py", line 1562, in execute_sql
    cursor.execute(sql, params)
  File "D:\My\Studies\python\alif academy\python pro\Final Project\new project\limon\venv\lib\site-packages\django\db\backends\utils.py", line 122, in execute
    return super().execute(sql, params)
  File "D:\My\Studies\python\alif academy\python pro\Final Project\new project\limon\venv\lib\site-packages\django\db\backends\utils.py", line 79, in execute
    return self._execute_with_wrappers(
  File "D:\My\Studies\python\alif academy\python pro\Final Project\new project\limon\venv\lib\site-packages\django\db\backends\utils.py", line 92, in _execute_with_wrappers
    return executor(sql, params, many, context)
  File "D:\My\Studies\python\alif academy\python pro\Final Project\new project\limon\venv\lib\site-packages\django\db\backends\utils.py", line 100, in _execute
    with self.db.wrap_database_errors:
  File "D:\My\Studies\python\alif academy\python pro\Final Project\new project\limon\venv\lib\site-packages\django\db\utils.py", line 91, in __exit__
    raise dj_exc_value.with_traceback(traceback) from exc_value
  File "D:\My\Studies\python\alif academy\python pro\Final Project\new project\limon\venv\lib\site-packages\django\db\backends\utils.py", line 105, in _execute
    return self.cursor.execute(sql, params)
  File "D:\My\Studies\python\alif academy\python pro\Final Project\new project\limon\venv\lib\site-packages\django\db\backends\sqlite3\base.py", line 329, in execute
    return super().execute(query, params)
django.db.utils.OperationalError: no such column: limonapp_advertisement.images
ERROR 2024-03-07 04:18:35,248 basehttp 39344 46412 "GET /limon/api/adv/ HTTP/1.1" 500 175198
INFO 2024-03-07 04:18:47,855 autoreload 45548 47036 Watching for file changes with StatReloader
WARNING 2024-03-07 04:18:50,004 log 45548 38092 Not Found: /
WARNING 2024-03-07 04:18:50,004 basehttp 45548 38092 "GET / HTTP/1.1" 404 2713
INFO 2024-03-07 04:18:56,734 basehttp 45548 38092 "GET /limon/ HTTP/1.1" 200 5231
INFO 2024-03-07 04:19:01,094 basehttp 45548 38092 "GET /limon/adv HTTP/1.1" 301 0
ERROR 2024-03-07 04:19:01,143 log 45548 47244 Internal Server Error: /limon/adv/
Traceback (most recent call last):
  File "D:\My\Studies\python\alif academy\python pro\Final Project\new project\limon\venv\lib\site-packages\django\db\backends\utils.py", line 105, in _execute
    return self.cursor.execute(sql, params)
  File "D:\My\Studies\python\alif academy\python pro\Final Project\new project\limon\venv\lib\site-packages\django\db\backends\sqlite3\base.py", line 329, in execute
    return super().execute(query, params)
sqlite3.OperationalError: no such column: limonapp_advertisement.images

The above exception was the direct cause of the following exception:

Traceback (most recent call last):
  File "D:\My\Studies\python\alif academy\python pro\Final Project\new project\limon\venv\lib\site-packages\django\core\handlers\exception.py", line 55, in inner
    response = get_response(request)
  File "D:\My\Studies\python\alif academy\python pro\Final Project\new project\limon\venv\lib\site-packages\django\core\handlers\base.py", line 197, in _get_response
    response = wrapped_callback(request, *callback_args, **callback_kwargs)
  File "D:\My\Studies\python\alif academy\python pro\Final Project\new project\limon\venv\lib\site-packages\django\views\decorators\csrf.py", line 65, in _view_wrapper
    return view_func(request, *args, **kwargs)
  File "D:\My\Studies\python\alif academy\python pro\Final Project\new project\limon\venv\lib\site-packages\django\views\generic\base.py", line 104, in view
    return self.dispatch(request, *args, **kwargs)
  File "D:\My\Studies\python\alif academy\python pro\Final Project\new project\limon\venv\lib\site-packages\rest_framework\views.py", line 509, in dispatch
    response = self.handle_exception(exc)
  File "D:\My\Studies\python\alif academy\python pro\Final Project\new project\limon\venv\lib\site-packages\rest_framework\views.py", line 469, in handle_exception
    self.raise_uncaught_exception(exc)
  File "D:\My\Studies\python\alif academy\python pro\Final Project\new project\limon\venv\lib\site-packages\rest_framework\views.py", line 480, in raise_uncaught_exception
    raise exc
  File "D:\My\Studies\python\alif academy\python pro\Final Project\new project\limon\venv\lib\site-packages\rest_framework\views.py", line 506, in dispatch
    response = handler(request, *args, **kwargs)
  File "D:\My\Studies\python\alif academy\python pro\Final Project\new project\limon\venv\lib\site-packages\rest_framework\generics.py", line 199, in get
    return self.list(request, *args, **kwargs)
  File "D:\My\Studies\python\alif academy\python pro\Final Project\new project\limon\venv\lib\site-packages\rest_framework\mixins.py", line 40, in list
    page = self.paginate_queryset(queryset)
  File "D:\My\Studies\python\alif academy\python pro\Final Project\new project\limon\venv\lib\site-packages\rest_framework\generics.py", line 171, in paginate_queryset
    return self.paginator.paginate_queryset(queryset, self.request, view=self)
  File "D:\My\Studies\python\alif academy\python pro\Final Project\new project\limon\venv\lib\site-packages\rest_framework\pagination.py", line 395, in paginate_queryset
    return list(queryset[self.offset:self.offset + self.limit])
  File "D:\My\Studies\python\alif academy\python pro\Final Project\new project\limon\venv\lib\site-packages\django\db\models\query.py", line 400, in __iter__
    self._fetch_all()
  File "D:\My\Studies\python\alif academy\python pro\Final Project\new project\limon\venv\lib\site-packages\django\db\models\query.py", line 1928, in _fetch_all
    self._result_cache = list(self._iterable_class(self))
  File "D:\My\Studies\python\alif academy\python pro\Final Project\new project\limon\venv\lib\site-packages\django\db\models\query.py", line 91, in __iter__
    results = compiler.execute_sql(
  File "D:\My\Studies\python\alif academy\python pro\Final Project\new project\limon\venv\lib\site-packages\django\db\models\sql\compiler.py", line 1562, in execute_sql
    cursor.execute(sql, params)
  File "D:\My\Studies\python\alif academy\python pro\Final Project\new project\limon\venv\lib\site-packages\django\db\backends\utils.py", line 122, in execute
    return super().execute(sql, params)
  File "D:\My\Studies\python\alif academy\python pro\Final Project\new project\limon\venv\lib\site-packages\django\db\backends\utils.py", line 79, in execute
    return self._execute_with_wrappers(
  File "D:\My\Studies\python\alif academy\python pro\Final Project\new project\limon\venv\lib\site-packages\django\db\backends\utils.py", line 92, in _execute_with_wrappers
    return executor(sql, params, many, context)
  File "D:\My\Studies\python\alif academy\python pro\Final Project\new project\limon\venv\lib\site-packages\django\db\backends\utils.py", line 100, in _execute
    with self.db.wrap_database_errors:
  File "D:\My\Studies\python\alif academy\python pro\Final Project\new project\limon\venv\lib\site-packages\django\db\utils.py", line 91, in __exit__
    raise dj_exc_value.with_traceback(traceback) from exc_value
  File "D:\My\Studies\python\alif academy\python pro\Final Project\new project\limon\venv\lib\site-packages\django\db\backends\utils.py", line 105, in _execute
    return self.cursor.execute(sql, params)
  File "D:\My\Studies\python\alif academy\python pro\Final Project\new project\limon\venv\lib\site-packages\django\db\backends\sqlite3\base.py", line 329, in execute
    return super().execute(query, params)
django.db.utils.OperationalError: no such column: limonapp_advertisement.images
ERROR 2024-03-07 04:19:01,143 basehttp 45548 47244 "GET /limon/adv/ HTTP/1.1" 500 180738
ERROR 2024-03-07 04:19:02,047 log 45548 47244 Internal Server Error: /limon/adv/
Traceback (most recent call last):
  File "D:\My\Studies\python\alif academy\python pro\Final Project\new project\limon\venv\lib\site-packages\django\db\backends\utils.py", line 105, in _execute
    return self.cursor.execute(sql, params)
  File "D:\My\Studies\python\alif academy\python pro\Final Project\new project\limon\venv\lib\site-packages\django\db\backends\sqlite3\base.py", line 329, in execute
    return super().execute(query, params)
sqlite3.OperationalError: no such column: limonapp_advertisement.images

The above exception was the direct cause of the following exception:

Traceback (most recent call last):
  File "D:\My\Studies\python\alif academy\python pro\Final Project\new project\limon\venv\lib\site-packages\django\core\handlers\exception.py", line 55, in inner
    response = get_response(request)
  File "D:\My\Studies\python\alif academy\python pro\Final Project\new project\limon\venv\lib\site-packages\django\core\handlers\base.py", line 197, in _get_response
    response = wrapped_callback(request, *callback_args, **callback_kwargs)
  File "D:\My\Studies\python\alif academy\python pro\Final Project\new project\limon\venv\lib\site-packages\django\views\decorators\csrf.py", line 65, in _view_wrapper
    return view_func(request, *args, **kwargs)
  File "D:\My\Studies\python\alif academy\python pro\Final Project\new project\limon\venv\lib\site-packages\django\views\generic\base.py", line 104, in view
    return self.dispatch(request, *args, **kwargs)
  File "D:\My\Studies\python\alif academy\python pro\Final Project\new project\limon\venv\lib\site-packages\rest_framework\views.py", line 509, in dispatch
    response = self.handle_exception(exc)
  File "D:\My\Studies\python\alif academy\python pro\Final Project\new project\limon\venv\lib\site-packages\rest_framework\views.py", line 469, in handle_exception
    self.raise_uncaught_exception(exc)
  File "D:\My\Studies\python\alif academy\python pro\Final Project\new project\limon\venv\lib\site-packages\rest_framework\views.py", line 480, in raise_uncaught_exception
    raise exc
  File "D:\My\Studies\python\alif academy\python pro\Final Project\new project\limon\venv\lib\site-packages\rest_framework\views.py", line 506, in dispatch
    response = handler(request, *args, **kwargs)
  File "D:\My\Studies\python\alif academy\python pro\Final Project\new project\limon\venv\lib\site-packages\rest_framework\generics.py", line 199, in get
    return self.list(request, *args, **kwargs)
  File "D:\My\Studies\python\alif academy\python pro\Final Project\new project\limon\venv\lib\site-packages\rest_framework\mixins.py", line 40, in list
    page = self.paginate_queryset(queryset)
  File "D:\My\Studies\python\alif academy\python pro\Final Project\new project\limon\venv\lib\site-packages\rest_framework\generics.py", line 171, in paginate_queryset
    return self.paginator.paginate_queryset(queryset, self.request, view=self)
  File "D:\My\Studies\python\alif academy\python pro\Final Project\new project\limon\venv\lib\site-packages\rest_framework\pagination.py", line 395, in paginate_queryset
    return list(queryset[self.offset:self.offset + self.limit])
  File "D:\My\Studies\python\alif academy\python pro\Final Project\new project\limon\venv\lib\site-packages\django\db\models\query.py", line 400, in __iter__
    self._fetch_all()
  File "D:\My\Studies\python\alif academy\python pro\Final Project\new project\limon\venv\lib\site-packages\django\db\models\query.py", line 1928, in _fetch_all
    self._result_cache = list(self._iterable_class(self))
  File "D:\My\Studies\python\alif academy\python pro\Final Project\new project\limon\venv\lib\site-packages\django\db\models\query.py", line 91, in __iter__
    results = compiler.execute_sql(
  File "D:\My\Studies\python\alif academy\python pro\Final Project\new project\limon\venv\lib\site-packages\django\db\models\sql\compiler.py", line 1562, in execute_sql
    cursor.execute(sql, params)
  File "D:\My\Studies\python\alif academy\python pro\Final Project\new project\limon\venv\lib\site-packages\django\db\backends\utils.py", line 122, in execute
    return super().execute(sql, params)
  File "D:\My\Studies\python\alif academy\python pro\Final Project\new project\limon\venv\lib\site-packages\django\db\backends\utils.py", line 79, in execute
    return self._execute_with_wrappers(
  File "D:\My\Studies\python\alif academy\python pro\Final Project\new project\limon\venv\lib\site-packages\django\db\backends\utils.py", line 92, in _execute_with_wrappers
    return executor(sql, params, many, context)
  File "D:\My\Studies\python\alif academy\python pro\Final Project\new project\limon\venv\lib\site-packages\django\db\backends\utils.py", line 100, in _execute
    with self.db.wrap_database_errors:
  File "D:\My\Studies\python\alif academy\python pro\Final Project\new project\limon\venv\lib\site-packages\django\db\utils.py", line 91, in __exit__
    raise dj_exc_value.with_traceback(traceback) from exc_value
  File "D:\My\Studies\python\alif academy\python pro\Final Project\new project\limon\venv\lib\site-packages\django\db\backends\utils.py", line 105, in _execute
    return self.cursor.execute(sql, params)
  File "D:\My\Studies\python\alif academy\python pro\Final Project\new project\limon\venv\lib\site-packages\django\db\backends\sqlite3\base.py", line 329, in execute
    return super().execute(query, params)
django.db.utils.OperationalError: no such column: limonapp_advertisement.images
ERROR 2024-03-07 04:19:02,050 basehttp 45548 47244 "GET /limon/adv/ HTTP/1.1" 500 180464
ERROR 2024-03-07 04:19:04,207 log 45548 47244 Internal Server Error: /limon/adv/
Traceback (most recent call last):
  File "D:\My\Studies\python\alif academy\python pro\Final Project\new project\limon\venv\lib\site-packages\django\db\backends\utils.py", line 105, in _execute
    return self.cursor.execute(sql, params)
  File "D:\My\Studies\python\alif academy\python pro\Final Project\new project\limon\venv\lib\site-packages\django\db\backends\sqlite3\base.py", line 329, in execute
    return super().execute(query, params)
sqlite3.OperationalError: no such column: limonapp_advertisement.images

The above exception was the direct cause of the following exception:

Traceback (most recent call last):
  File "D:\My\Studies\python\alif academy\python pro\Final Project\new project\limon\venv\lib\site-packages\django\core\handlers\exception.py", line 55, in inner
    response = get_response(request)
  File "D:\My\Studies\python\alif academy\python pro\Final Project\new project\limon\venv\lib\site-packages\django\core\handlers\base.py", line 197, in _get_response
    response = wrapped_callback(request, *callback_args, **callback_kwargs)
  File "D:\My\Studies\python\alif academy\python pro\Final Project\new project\limon\venv\lib\site-packages\django\views\decorators\csrf.py", line 65, in _view_wrapper
    return view_func(request, *args, **kwargs)
  File "D:\My\Studies\python\alif academy\python pro\Final Project\new project\limon\venv\lib\site-packages\django\views\generic\base.py", line 104, in view
    return self.dispatch(request, *args, **kwargs)
  File "D:\My\Studies\python\alif academy\python pro\Final Project\new project\limon\venv\lib\site-packages\rest_framework\views.py", line 509, in dispatch
    response = self.handle_exception(exc)
  File "D:\My\Studies\python\alif academy\python pro\Final Project\new project\limon\venv\lib\site-packages\rest_framework\views.py", line 469, in handle_exception
    self.raise_uncaught_exception(exc)
  File "D:\My\Studies\python\alif academy\python pro\Final Project\new project\limon\venv\lib\site-packages\rest_framework\views.py", line 480, in raise_uncaught_exception
    raise exc
  File "D:\My\Studies\python\alif academy\python pro\Final Project\new project\limon\venv\lib\site-packages\rest_framework\views.py", line 506, in dispatch
    response = handler(request, *args, **kwargs)
  File "D:\My\Studies\python\alif academy\python pro\Final Project\new project\limon\venv\lib\site-packages\rest_framework\generics.py", line 199, in get
    return self.list(request, *args, **kwargs)
  File "D:\My\Studies\python\alif academy\python pro\Final Project\new project\limon\venv\lib\site-packages\rest_framework\mixins.py", line 40, in list
    page = self.paginate_queryset(queryset)
  File "D:\My\Studies\python\alif academy\python pro\Final Project\new project\limon\venv\lib\site-packages\rest_framework\generics.py", line 171, in paginate_queryset
    return self.paginator.paginate_queryset(queryset, self.request, view=self)
  File "D:\My\Studies\python\alif academy\python pro\Final Project\new project\limon\venv\lib\site-packages\rest_framework\pagination.py", line 395, in paginate_queryset
    return list(queryset[self.offset:self.offset + self.limit])
  File "D:\My\Studies\python\alif academy\python pro\Final Project\new project\limon\venv\lib\site-packages\django\db\models\query.py", line 400, in __iter__
    self._fetch_all()
  File "D:\My\Studies\python\alif academy\python pro\Final Project\new project\limon\venv\lib\site-packages\django\db\models\query.py", line 1928, in _fetch_all
    self._result_cache = list(self._iterable_class(self))
  File "D:\My\Studies\python\alif academy\python pro\Final Project\new project\limon\venv\lib\site-packages\django\db\models\query.py", line 91, in __iter__
    results = compiler.execute_sql(
  File "D:\My\Studies\python\alif academy\python pro\Final Project\new project\limon\venv\lib\site-packages\django\db\models\sql\compiler.py", line 1562, in execute_sql
    cursor.execute(sql, params)
  File "D:\My\Studies\python\alif academy\python pro\Final Project\new project\limon\venv\lib\site-packages\django\db\backends\utils.py", line 122, in execute
    return super().execute(sql, params)
  File "D:\My\Studies\python\alif academy\python pro\Final Project\new project\limon\venv\lib\site-packages\django\db\backends\utils.py", line 79, in execute
    return self._execute_with_wrappers(
  File "D:\My\Studies\python\alif academy\python pro\Final Project\new project\limon\venv\lib\site-packages\django\db\backends\utils.py", line 92, in _execute_with_wrappers
    return executor(sql, params, many, context)
  File "D:\My\Studies\python\alif academy\python pro\Final Project\new project\limon\venv\lib\site-packages\django\db\backends\utils.py", line 100, in _execute
    with self.db.wrap_database_errors:
  File "D:\My\Studies\python\alif academy\python pro\Final Project\new project\limon\venv\lib\site-packages\django\db\utils.py", line 91, in __exit__
    raise dj_exc_value.with_traceback(traceback) from exc_value
  File "D:\My\Studies\python\alif academy\python pro\Final Project\new project\limon\venv\lib\site-packages\django\db\backends\utils.py", line 105, in _execute
    return self.cursor.execute(sql, params)
  File "D:\My\Studies\python\alif academy\python pro\Final Project\new project\limon\venv\lib\site-packages\django\db\backends\sqlite3\base.py", line 329, in execute
    return super().execute(query, params)
django.db.utils.OperationalError: no such column: limonapp_advertisement.images
ERROR 2024-03-07 04:19:04,209 basehttp 45548 47244 "GET /limon/adv/ HTTP/1.1" 500 180601
ERROR 2024-03-07 04:19:14,880 log 45548 47108 Internal Server Error: /limon/adv/
Traceback (most recent call last):
  File "D:\My\Studies\python\alif academy\python pro\Final Project\new project\limon\venv\lib\site-packages\django\db\backends\utils.py", line 105, in _execute
    return self.cursor.execute(sql, params)
  File "D:\My\Studies\python\alif academy\python pro\Final Project\new project\limon\venv\lib\site-packages\django\db\backends\sqlite3\base.py", line 329, in execute
    return super().execute(query, params)
sqlite3.OperationalError: no such column: limonapp_advertisement.images

The above exception was the direct cause of the following exception:

Traceback (most recent call last):
  File "D:\My\Studies\python\alif academy\python pro\Final Project\new project\limon\venv\lib\site-packages\django\core\handlers\exception.py", line 55, in inner
    response = get_response(request)
  File "D:\My\Studies\python\alif academy\python pro\Final Project\new project\limon\venv\lib\site-packages\django\core\handlers\base.py", line 197, in _get_response
    response = wrapped_callback(request, *callback_args, **callback_kwargs)
  File "D:\My\Studies\python\alif academy\python pro\Final Project\new project\limon\venv\lib\site-packages\django\views\decorators\csrf.py", line 65, in _view_wrapper
    return view_func(request, *args, **kwargs)
  File "D:\My\Studies\python\alif academy\python pro\Final Project\new project\limon\venv\lib\site-packages\django\views\generic\base.py", line 104, in view
    return self.dispatch(request, *args, **kwargs)
  File "D:\My\Studies\python\alif academy\python pro\Final Project\new project\limon\venv\lib\site-packages\rest_framework\views.py", line 509, in dispatch
    response = self.handle_exception(exc)
  File "D:\My\Studies\python\alif academy\python pro\Final Project\new project\limon\venv\lib\site-packages\rest_framework\views.py", line 469, in handle_exception
    self.raise_uncaught_exception(exc)
  File "D:\My\Studies\python\alif academy\python pro\Final Project\new project\limon\venv\lib\site-packages\rest_framework\views.py", line 480, in raise_uncaught_exception
    raise exc
  File "D:\My\Studies\python\alif academy\python pro\Final Project\new project\limon\venv\lib\site-packages\rest_framework\views.py", line 506, in dispatch
    response = handler(request, *args, **kwargs)
  File "D:\My\Studies\python\alif academy\python pro\Final Project\new project\limon\venv\lib\site-packages\rest_framework\generics.py", line 199, in get
    return self.list(request, *args, **kwargs)
  File "D:\My\Studies\python\alif academy\python pro\Final Project\new project\limon\venv\lib\site-packages\rest_framework\mixins.py", line 40, in list
    page = self.paginate_queryset(queryset)
  File "D:\My\Studies\python\alif academy\python pro\Final Project\new project\limon\venv\lib\site-packages\rest_framework\generics.py", line 171, in paginate_queryset
    return self.paginator.paginate_queryset(queryset, self.request, view=self)
  File "D:\My\Studies\python\alif academy\python pro\Final Project\new project\limon\venv\lib\site-packages\rest_framework\pagination.py", line 395, in paginate_queryset
    return list(queryset[self.offset:self.offset + self.limit])
  File "D:\My\Studies\python\alif academy\python pro\Final Project\new project\limon\venv\lib\site-packages\django\db\models\query.py", line 400, in __iter__
    self._fetch_all()
  File "D:\My\Studies\python\alif academy\python pro\Final Project\new project\limon\venv\lib\site-packages\django\db\models\query.py", line 1928, in _fetch_all
    self._result_cache = list(self._iterable_class(self))
  File "D:\My\Studies\python\alif academy\python pro\Final Project\new project\limon\venv\lib\site-packages\django\db\models\query.py", line 91, in __iter__
    results = compiler.execute_sql(
  File "D:\My\Studies\python\alif academy\python pro\Final Project\new project\limon\venv\lib\site-packages\django\db\models\sql\compiler.py", line 1562, in execute_sql
    cursor.execute(sql, params)
  File "D:\My\Studies\python\alif academy\python pro\Final Project\new project\limon\venv\lib\site-packages\django\db\backends\utils.py", line 122, in execute
    return super().execute(sql, params)
  File "D:\My\Studies\python\alif academy\python pro\Final Project\new project\limon\venv\lib\site-packages\django\db\backends\utils.py", line 79, in execute
    return self._execute_with_wrappers(
  File "D:\My\Studies\python\alif academy\python pro\Final Project\new project\limon\venv\lib\site-packages\django\db\backends\utils.py", line 92, in _execute_with_wrappers
    return executor(sql, params, many, context)
  File "D:\My\Studies\python\alif academy\python pro\Final Project\new project\limon\venv\lib\site-packages\django\db\backends\utils.py", line 100, in _execute
    with self.db.wrap_database_errors:
  File "D:\My\Studies\python\alif academy\python pro\Final Project\new project\limon\venv\lib\site-packages\django\db\utils.py", line 91, in __exit__
    raise dj_exc_value.with_traceback(traceback) from exc_value
  File "D:\My\Studies\python\alif academy\python pro\Final Project\new project\limon\venv\lib\site-packages\django\db\backends\utils.py", line 105, in _execute
    return self.cursor.execute(sql, params)
  File "D:\My\Studies\python\alif academy\python pro\Final Project\new project\limon\venv\lib\site-packages\django\db\backends\sqlite3\base.py", line 329, in execute
    return super().execute(query, params)
django.db.utils.OperationalError: no such column: limonapp_advertisement.images
ERROR 2024-03-07 04:19:14,882 basehttp 45548 47108 "GET /limon/adv/ HTTP/1.1" 500 178836
ERROR 2024-03-07 04:19:18,828 log 45548 47108 Internal Server Error: /limon/adv/
Traceback (most recent call last):
  File "D:\My\Studies\python\alif academy\python pro\Final Project\new project\limon\venv\lib\site-packages\django\db\backends\utils.py", line 105, in _execute
    return self.cursor.execute(sql, params)
  File "D:\My\Studies\python\alif academy\python pro\Final Project\new project\limon\venv\lib\site-packages\django\db\backends\sqlite3\base.py", line 329, in execute
    return super().execute(query, params)
sqlite3.OperationalError: no such column: limonapp_advertisement.images

The above exception was the direct cause of the following exception:

Traceback (most recent call last):
  File "D:\My\Studies\python\alif academy\python pro\Final Project\new project\limon\venv\lib\site-packages\django\core\handlers\exception.py", line 55, in inner
    response = get_response(request)
  File "D:\My\Studies\python\alif academy\python pro\Final Project\new project\limon\venv\lib\site-packages\django\core\handlers\base.py", line 197, in _get_response
    response = wrapped_callback(request, *callback_args, **callback_kwargs)
  File "D:\My\Studies\python\alif academy\python pro\Final Project\new project\limon\venv\lib\site-packages\django\views\decorators\csrf.py", line 65, in _view_wrapper
    return view_func(request, *args, **kwargs)
  File "D:\My\Studies\python\alif academy\python pro\Final Project\new project\limon\venv\lib\site-packages\django\views\generic\base.py", line 104, in view
    return self.dispatch(request, *args, **kwargs)
  File "D:\My\Studies\python\alif academy\python pro\Final Project\new project\limon\venv\lib\site-packages\rest_framework\views.py", line 509, in dispatch
    response = self.handle_exception(exc)
  File "D:\My\Studies\python\alif academy\python pro\Final Project\new project\limon\venv\lib\site-packages\rest_framework\views.py", line 469, in handle_exception
    self.raise_uncaught_exception(exc)
  File "D:\My\Studies\python\alif academy\python pro\Final Project\new project\limon\venv\lib\site-packages\rest_framework\views.py", line 480, in raise_uncaught_exception
    raise exc
  File "D:\My\Studies\python\alif academy\python pro\Final Project\new project\limon\venv\lib\site-packages\rest_framework\views.py", line 506, in dispatch
    response = handler(request, *args, **kwargs)
  File "D:\My\Studies\python\alif academy\python pro\Final Project\new project\limon\venv\lib\site-packages\rest_framework\generics.py", line 199, in get
    return self.list(request, *args, **kwargs)
  File "D:\My\Studies\python\alif academy\python pro\Final Project\new project\limon\venv\lib\site-packages\rest_framework\mixins.py", line 40, in list
    page = self.paginate_queryset(queryset)
  File "D:\My\Studies\python\alif academy\python pro\Final Project\new project\limon\venv\lib\site-packages\rest_framework\generics.py", line 171, in paginate_queryset
    return self.paginator.paginate_queryset(queryset, self.request, view=self)
  File "D:\My\Studies\python\alif academy\python pro\Final Project\new project\limon\venv\lib\site-packages\rest_framework\pagination.py", line 395, in paginate_queryset
    return list(queryset[self.offset:self.offset + self.limit])
  File "D:\My\Studies\python\alif academy\python pro\Final Project\new project\limon\venv\lib\site-packages\django\db\models\query.py", line 400, in __iter__
    self._fetch_all()
  File "D:\My\Studies\python\alif academy\python pro\Final Project\new project\limon\venv\lib\site-packages\django\db\models\query.py", line 1928, in _fetch_all
    self._result_cache = list(self._iterable_class(self))
  File "D:\My\Studies\python\alif academy\python pro\Final Project\new project\limon\venv\lib\site-packages\django\db\models\query.py", line 91, in __iter__
    results = compiler.execute_sql(
  File "D:\My\Studies\python\alif academy\python pro\Final Project\new project\limon\venv\lib\site-packages\django\db\models\sql\compiler.py", line 1562, in execute_sql
    cursor.execute(sql, params)
  File "D:\My\Studies\python\alif academy\python pro\Final Project\new project\limon\venv\lib\site-packages\django\db\backends\utils.py", line 122, in execute
    return super().execute(sql, params)
  File "D:\My\Studies\python\alif academy\python pro\Final Project\new project\limon\venv\lib\site-packages\django\db\backends\utils.py", line 79, in execute
    return self._execute_with_wrappers(
  File "D:\My\Studies\python\alif academy\python pro\Final Project\new project\limon\venv\lib\site-packages\django\db\backends\utils.py", line 92, in _execute_with_wrappers
    return executor(sql, params, many, context)
  File "D:\My\Studies\python\alif academy\python pro\Final Project\new project\limon\venv\lib\site-packages\django\db\backends\utils.py", line 100, in _execute
    with self.db.wrap_database_errors:
  File "D:\My\Studies\python\alif academy\python pro\Final Project\new project\limon\venv\lib\site-packages\django\db\utils.py", line 91, in __exit__
    raise dj_exc_value.with_traceback(traceback) from exc_value
  File "D:\My\Studies\python\alif academy\python pro\Final Project\new project\limon\venv\lib\site-packages\django\db\backends\utils.py", line 105, in _execute
    return self.cursor.execute(sql, params)
  File "D:\My\Studies\python\alif academy\python pro\Final Project\new project\limon\venv\lib\site-packages\django\db\backends\sqlite3\base.py", line 329, in execute
    return super().execute(query, params)
django.db.utils.OperationalError: no such column: limonapp_advertisement.images
ERROR 2024-03-07 04:19:18,829 basehttp 45548 47108 "GET /limon/adv/ HTTP/1.1" 500 178836
INFO 2024-03-07 04:19:25,097 autoreload 41928 43920 Watching for file changes with StatReloader
INFO 2024-03-07 04:19:52,703 autoreload 46544 25380 Watching for file changes with StatReloader
INFO 2024-03-07 04:19:56,341 basehttp 46544 28832 "GET /limon/adv/ HTTP/1.1" 200 14859
INFO 2024-03-07 04:20:34,701 autoreload 46544 25380 D:\My\Studies\python\alif academy\python pro\Final Project\new project\limon\limonapp\serializers.py changed, reloading.
INFO 2024-03-07 04:20:35,161 autoreload 47596 33688 Watching for file changes with StatReloader
INFO 2024-03-07 04:20:35,762 basehttp 47596 41416 "GET /limon/adv/ HTTP/1.1" 200 15212
INFO 2024-03-07 04:21:27,355 basehttp 47596 41416 "POST /api/token/refresh/ HTTP/1.1" 200 241
WARNING 2024-03-07 04:22:01,758 log 47596 41416 Unauthorized: /limon/api/adv/
WARNING 2024-03-07 04:22:01,759 basehttp 47596 41416 "POST /limon/api/adv/ HTTP/1.1" 401 275
INFO 2024-03-07 04:22:10,692 basehttp 47596 41416 "POST /auth/sign-in/ HTTP/1.1" 200 483
INFO 2024-03-07 04:22:21,496 basehttp 47596 41416 "POST /limon/api/adv/ HTTP/1.1" 201 205
INFO 2024-03-07 04:22:34,565 basehttp 47596 41416 "POST /limon/api/adv/ HTTP/1.1" 201 274
INFO 2024-03-07 04:22:52,104 basehttp 47596 41416 "GET /limon/api/adv/ HTTP/1.1" 200 13009
INFO 2024-03-07 04:24:09,090 autoreload 48748 48752 Watching for file changes with StatReloader
WARNING 2024-03-07 04:24:10,885 log 48748 48900 Not Found: /
WARNING 2024-03-07 04:24:10,886 basehttp 48748 48900 "GET / HTTP/1.1" 404 2713
INFO 2024-03-07 10:14:22,699 autoreload 52480 52500 Watching for file changes with StatReloader
WARNING 2024-03-07 10:15:00,379 log 52480 46236 Unauthorized: /limon/api/adv/
WARNING 2024-03-07 10:15:00,380 basehttp 52480 46236 "GET /limon/api/adv/ HTTP/1.1" 401 275
WARNING 2024-03-07 10:15:15,013 log 52480 46236 Unauthorized: /limon/api/adv/
WARNING 2024-03-07 10:15:15,013 basehttp 52480 46236 "GET /limon/api/adv/ HTTP/1.1" 401 275
INFO 2024-03-07 10:15:19,676 basehttp 52480 46236 "POST /auth/sign-in/ HTTP/1.1" 200 483
INFO 2024-03-07 10:15:28,160 basehttp 52480 46236 "GET /limon/api/adv/ HTTP/1.1" 200 13009
INFO 2024-03-07 10:15:36,369 basehttp 52480 46236 "GET /limon/adv/31 HTTP/1.1" 301 0
INFO 2024-03-07 10:15:36,391 basehttp 52480 19736 "GET /limon/adv/31/ HTTP/1.1" 200 265
INFO 2024-03-07 10:24:57,343 basehttp 52480 19736 "POST /auth/sign-in/ HTTP/1.1" 200 483
WARNING 2024-03-07 10:25:08,282 log 52480 19736 Unauthorized: /limon/api/adv/
WARNING 2024-03-07 10:25:08,283 basehttp 52480 19736 "POST /limon/api/adv/ HTTP/1.1" 401 275
INFO 2024-03-07 10:25:28,826 basehttp 52480 19736 "POST /limon/api/adv/ HTTP/1.1" 201 274
WARNING 2024-03-07 10:25:41,806 log 52480 19736 Unauthorized: /limon/adv/50/
WARNING 2024-03-07 10:25:41,806 basehttp 52480 19736 "PUT /limon/adv/50/ HTTP/1.1" 401 275
WARNING 2024-03-07 10:25:46,848 log 52480 19736 Method Not Allowed: /limon/adv/50/
WARNING 2024-03-07 10:25:46,848 basehttp 52480 19736 "PUT /limon/adv/50/ HTTP/1.1" 405 54
INFO 2024-03-07 10:27:37,874 basehttp 52480 19736 "POST /auth/sign-up/ HTTP/1.1" 201 483
INFO 2024-03-07 10:27:49,789 basehttp 52480 19736 "POST /auth/sign-in/ HTTP/1.1" 200 483
INFO 2024-03-07 10:29:31,698 autoreload 52480 52500 D:\My\Studies\python\alif academy\python pro\Final Project\new project\limon\limonapp\api\views.py changed, reloading.
INFO 2024-03-07 10:29:32,844 autoreload 52440 52844 Watching for file changes with StatReloader
WARNING 2024-03-07 10:29:43,481 log 52440 42944 Bad Request: /auth/sign-up/
WARNING 2024-03-07 10:29:43,484 basehttp 52440 42944 "POST /auth/sign-up/ HTTP/1.1" 400 145
INFO 2024-03-07 10:30:04,177 basehttp 52440 42944 "POST /auth/sign-up/ HTTP/1.1" 200 39
INFO 2024-03-07 10:30:19,771 basehttp 52440 42944 "POST /auth/sign-in/ HTTP/1.1" 200 483
INFO 2024-03-07 10:40:04,675 autoreload 52440 52844 D:\My\Studies\python\alif academy\python pro\Final Project\new project\limon\limonapp\api\views.py changed, reloading.
INFO 2024-03-07 10:40:05,159 autoreload 40224 47108 Watching for file changes with StatReloader
INFO 2024-03-07 10:40:13,831 basehttp 40224 48452 "POST /auth/sign-up/ HTTP/1.1" 200 39
INFO 2024-03-07 10:40:52,892 basehttp 40224 51132 "GET /admin/ HTTP/1.1" 200 13552
INFO 2024-03-07 10:40:52,936 basehttp 40224 51408 "GET /static/admin/css/dark_mode.css HTTP/1.1" 304 0
INFO 2024-03-07 10:40:52,936 basehttp 40224 49888 "GET /static/admin/css/dashboard.css HTTP/1.1" 304 0
INFO 2024-03-07 10:40:52,937 basehttp 40224 51132 "GET /static/admin/css/base.css HTTP/1.1" 304 0
INFO 2024-03-07 10:40:52,937 basehttp 40224 36028 "GET /static/admin/css/responsive.css HTTP/1.1" 304 0
INFO 2024-03-07 10:40:52,937 basehttp 40224 33268 "GET /static/admin/css/nav_sidebar.css HTTP/1.1" 304 0
INFO 2024-03-07 10:40:52,937 basehttp 40224 48380 "GET /static/admin/js/theme.js HTTP/1.1" 304 0
INFO 2024-03-07 10:40:52,940 basehttp 40224 48380 "GET /static/admin/js/nav_sidebar.js HTTP/1.1" 304 0
INFO 2024-03-07 10:40:52,947 basehttp 40224 48380 "GET /static/admin/img/icon-addlink.svg HTTP/1.1" 304 0
INFO 2024-03-07 10:40:52,947 basehttp 40224 33268 "GET /static/admin/img/icon-changelink.svg HTTP/1.1" 304 0
INFO 2024-03-07 10:40:52,947 basehttp 40224 36028 "GET /static/admin/img/icon-deletelink.svg HTTP/1.1" 304 0
INFO 2024-03-07 10:40:55,519 basehttp 40224 33268 "GET /limon/ HTTP/1.1" 200 5231
INFO 2024-03-07 10:40:55,554 basehttp 40224 49888 "GET /static/rest_framework/js/jquery-3.5.1.min.js HTTP/1.1" 304 0
INFO 2024-03-07 10:40:55,555 basehttp 40224 48380 "GET /static/rest_framework/css/prettify.css HTTP/1.1" 304 0
INFO 2024-03-07 10:40:55,555 basehttp 40224 51408 "GET /static/rest_framework/js/ajax-form.js HTTP/1.1" 304 0
INFO 2024-03-07 10:40:55,555 basehttp 40224 51132 "GET /static/rest_framework/css/default.css HTTP/1.1" 304 0
INFO 2024-03-07 10:40:55,555 basehttp 40224 36028 "GET /static/rest_framework/css/bootstrap-tweaks.css HTTP/1.1" 304 0
INFO 2024-03-07 10:40:55,555 basehttp 40224 33268 "GET /static/rest_framework/css/bootstrap.min.css HTTP/1.1" 304 0
INFO 2024-03-07 10:40:55,560 basehttp 40224 48380 "GET /static/rest_framework/js/csrf.js HTTP/1.1" 304 0
INFO 2024-03-07 10:40:55,561 basehttp 40224 49888 "GET /static/rest_framework/js/bootstrap.min.js HTTP/1.1" 304 0
INFO 2024-03-07 10:40:55,561 basehttp 40224 51132 "GET /static/rest_framework/js/default.js HTTP/1.1" 304 0
INFO 2024-03-07 10:40:55,561 basehttp 40224 51408 "GET /static/rest_framework/js/prettify-min.js HTTP/1.1" 304 0
INFO 2024-03-07 10:40:55,574 basehttp 40224 51408 "GET /static/rest_framework/img/grid.png HTTP/1.1" 304 0
INFO 2024-03-07 10:40:58,639 basehttp 40224 51408 "GET /limon/adv/?limit=10 HTTP/1.1" 200 17087
INFO 2024-03-07 10:41:03,122 basehttp 40224 51408 "GET /limon/adv/ HTTP/1.1" 200 37679
INFO 2024-03-07 10:41:03,168 basehttp 40224 51132 "GET /static/rest_framework/js/csrf.js HTTP/1.1" 304 0
INFO 2024-03-07 10:41:03,168 basehttp 40224 33268 "GET /static/rest_framework/js/prettify-min.js HTTP/1.1" 304 0
INFO 2024-03-07 10:41:03,168 basehttp 40224 49888 "GET /static/rest_framework/js/ajax-form.js HTTP/1.1" 304 0
INFO 2024-03-07 10:41:03,168 basehttp 40224 51408 "GET /static/rest_framework/js/jquery-3.5.1.min.js HTTP/1.1" 304 0
INFO 2024-03-07 10:41:03,168 basehttp 40224 48380 "GET /static/rest_framework/js/bootstrap.min.js HTTP/1.1" 304 0
INFO 2024-03-07 10:41:03,169 basehttp 40224 36028 "GET /static/rest_framework/js/default.js HTTP/1.1" 304 0
INFO 2024-03-07 10:41:03,173 basehttp 40224 36028 "GET /static/rest_framework/img/grid.png HTTP/1.1" 304 0
INFO 2024-03-07 10:41:11,547 basehttp 40224 36028 "POST /limon/api/adv/ HTTP/1.1" 201 13795
INFO 2024-03-07 10:41:11,585 basehttp 40224 51408 "GET /static/rest_framework/css/prettify.css HTTP/1.1" 304 0
INFO 2024-03-07 10:41:11,585 basehttp 40224 33268 "GET /static/rest_framework/js/jquery-3.5.1.min.js HTTP/1.1" 304 0
INFO 2024-03-07 10:41:11,586 basehttp 40224 48380 "GET /static/rest_framework/css/bootstrap-tweaks.css HTTP/1.1" 304 0
INFO 2024-03-07 10:41:11,586 basehttp 40224 49888 "GET /static/rest_framework/css/default.css HTTP/1.1" 304 0
INFO 2024-03-07 10:41:11,586 basehttp 40224 36028 "GET /static/rest_framework/css/bootstrap.min.css HTTP/1.1" 304 0
INFO 2024-03-07 10:41:11,586 basehttp 40224 51132 "GET /static/rest_framework/js/ajax-form.js HTTP/1.1" 304 0
INFO 2024-03-07 10:41:11,588 basehttp 40224 51408 "GET /static/rest_framework/js/csrf.js HTTP/1.1" 304 0
INFO 2024-03-07 10:41:11,591 basehttp 40224 48380 "GET /static/rest_framework/js/bootstrap.min.js HTTP/1.1" 304 0
INFO 2024-03-07 10:41:11,591 basehttp 40224 49888 "GET /static/rest_framework/js/default.js HTTP/1.1" 304 0
INFO 2024-03-07 10:41:11,591 basehttp 40224 33268 "GET /static/rest_framework/js/prettify-min.js HTTP/1.1" 304 0
INFO 2024-03-07 10:41:11,599 basehttp 40224 33268 "GET /static/rest_framework/img/grid.png HTTP/1.1" 304 0
INFO 2024-03-07 10:41:33,631 basehttp 40224 33268 "POST /limon/api/adv/ HTTP/1.1" 201 13795
WARNING 2024-03-07 10:41:39,832 log 40224 33268 Method Not Allowed: /auth/sign-up/
WARNING 2024-03-07 10:41:39,833 basehttp 40224 33268 "GET /auth/sign-up/ HTTP/1.1" 405 5663
INFO 2024-03-07 10:41:39,868 basehttp 40224 48380 "GET /static/rest_framework/js/csrf.js HTTP/1.1" 304 0
INFO 2024-03-07 10:41:39,869 basehttp 40224 51408 "GET /static/rest_framework/js/bootstrap.min.js HTTP/1.1" 304 0
INFO 2024-03-07 10:41:39,869 basehttp 40224 49888 "GET /static/rest_framework/js/ajax-form.js HTTP/1.1" 304 0
INFO 2024-03-07 10:41:39,869 basehttp 40224 36028 "GET /static/rest_framework/js/default.js HTTP/1.1" 304 0
INFO 2024-03-07 10:41:39,869 basehttp 40224 33268 "GET /static/rest_framework/js/jquery-3.5.1.min.js HTTP/1.1" 304 0
INFO 2024-03-07 10:41:39,869 basehttp 40224 51132 "GET /static/rest_framework/js/prettify-min.js HTTP/1.1" 304 0
INFO 2024-03-07 10:41:39,873 basehttp 40224 51132 "GET /static/rest_framework/img/grid.png HTTP/1.1" 304 0
INFO 2024-03-07 10:41:43,034 basehttp 40224 51132 "GET /limon/adv/ HTTP/1.1" 200 38827
INFO 2024-03-07 11:05:59,126 autoreload 48820 44960 Watching for file changes with StatReloader
INFO 2024-03-07 11:06:07,821 basehttp 48820 28044 "POST /auth/sign-in/ HTTP/1.1" 200 483
WARNING 2024-03-07 11:06:19,285 log 48820 28044 Method Not Allowed: /limon/adv/50/
WARNING 2024-03-07 11:06:19,286 basehttp 48820 28044 "PUT /limon/adv/50/ HTTP/1.1" 405 54
WARNING 2024-03-07 11:06:25,801 log 48820 28044 Method Not Allowed: /limon/adv/50/
WARNING 2024-03-07 11:06:25,802 basehttp 48820 28044 "PUT /limon/adv/50/ HTTP/1.1" 405 54
INFO 2024-03-07 11:06:56,406 autoreload 48820 44960 D:\My\Studies\python\alif academy\python pro\Final Project\new project\limon\limonapp\api\urls.py changed, reloading.
INFO 2024-03-07 11:06:56,824 autoreload 49240 38132 Watching for file changes with StatReloader
WARNING 2024-03-07 11:06:58,691 log 49240 42620 Method Not Allowed: /limon/adv/50/
WARNING 2024-03-07 11:06:58,692 basehttp 49240 42620 "PUT /limon/adv/50/ HTTP/1.1" 405 54
WARNING 2024-03-07 11:07:08,757 log 49240 42620 Method Not Allowed: /limon/adv/50/
WARNING 2024-03-07 11:07:08,758 basehttp 49240 42620 "PUT /limon/adv/50/ HTTP/1.1" 405 54
INFO 2024-03-07 11:07:56,603 autoreload 49240 38132 D:\My\Studies\python\alif academy\python pro\Final Project\new project\limon\limonapp\api\urls.py changed, reloading.
INFO 2024-03-07 11:07:57,048 autoreload 23132 54072 Watching for file changes with StatReloader
WARNING 2024-03-07 11:08:07,939 log 23132 22468 Not Found: /limon/adv-up/31/
WARNING 2024-03-07 11:08:07,940 basehttp 23132 22468 "PUT /limon/adv-up/31/ HTTP/1.1" 404 3312
INFO 2024-03-07 11:08:37,560 autoreload 51128 51608 Watching for file changes with StatReloader
INFO 2024-03-07 11:13:26,098 autoreload 51128 51608 D:\My\Studies\python\alif academy\python pro\Final Project\new project\limon\limonapp\api\views.py changed, reloading.
INFO 2024-03-07 11:13:26,569 autoreload 44796 52772 Watching for file changes with StatReloader
INFO 2024-03-07 11:13:35,938 autoreload 43736 45392 Watching for file changes with StatReloader
INFO 2024-03-07 11:14:09,587 autoreload 53708 41948 Watching for file changes with StatReloader
INFO 2024-03-07 11:14:14,122 basehttp 53708 52356 "POST /auth/sign-in/ HTTP/1.1" 200 483
INFO 2024-03-07 11:14:31,935 basehttp 53708 52356 "GET /limon/api/adv/ HTTP/1.1" 200 13546
INFO 2024-03-07 11:14:37,635 basehttp 53708 52356 "GET /limon/adv/31 HTTP/1.1" 301 0
INFO 2024-03-07 11:14:37,653 basehttp 53708 3348 "GET /limon/adv/31/ HTTP/1.1" 200 265
ERROR 2024-03-07 11:14:52,510 log 53708 3348 Internal Server Error: /limon/api/adv/
Traceback (most recent call last):
  File "D:\My\Studies\python\alif academy\python pro\Final Project\new project\limon\venv\lib\site-packages\django\core\handlers\exception.py", line 55, in inner
    response = get_response(request)
  File "D:\My\Studies\python\alif academy\python pro\Final Project\new project\limon\venv\lib\site-packages\django\core\handlers\base.py", line 197, in _get_response
    response = wrapped_callback(request, *callback_args, **callback_kwargs)
  File "D:\My\Studies\python\alif academy\python pro\Final Project\new project\limon\venv\lib\site-packages\django\views\decorators\csrf.py", line 65, in _view_wrapper
    return view_func(request, *args, **kwargs)
  File "D:\My\Studies\python\alif academy\python pro\Final Project\new project\limon\venv\lib\site-packages\rest_framework\viewsets.py", line 125, in view
    return self.dispatch(request, *args, **kwargs)
  File "D:\My\Studies\python\alif academy\python pro\Final Project\new project\limon\venv\lib\site-packages\rest_framework\views.py", line 511, in dispatch
    self.response = self.finalize_response(request, response, *args, **kwargs)
  File "D:\My\Studies\python\alif academy\python pro\Final Project\new project\limon\venv\lib\site-packages\rest_framework\views.py", line 423, in finalize_response
    assert isinstance(response, HttpResponseBase), (
AssertionError: Expected a `Response`, `HttpResponse` or `HttpStreamingResponse` to be returned from the view, but received a `<class 'NoneType'>`
ERROR 2024-03-07 11:14:52,513 basehttp 53708 3348 "POST /limon/api/adv/ HTTP/1.1" 500 84265
WARNING 2024-03-07 11:20:50,556 log 53708 3348 Unauthorized: /limon/adv/50/
WARNING 2024-03-07 11:20:50,557 basehttp 53708 3348 "PUT /limon/adv/50/ HTTP/1.1" 401 275
INFO 2024-03-07 11:20:55,837 basehttp 53708 3348 "POST /auth/sign-in/ HTTP/1.1" 200 483
WARNING 2024-03-07 11:21:08,182 log 53708 3348 Method Not Allowed: /limon/adv/50/
WARNING 2024-03-07 11:21:08,183 basehttp 53708 3348 "PUT /limon/adv/50/ HTTP/1.1" 405 54
INFO 2024-03-07 11:58:46,971 autoreload 53708 41948 D:\My\Studies\python\alif academy\python pro\Final Project\new project\limon\limonapp\api\views.py changed, reloading.
INFO 2024-03-07 11:58:48,517 autoreload 54324 53536 Watching for file changes with StatReloader
INFO 2024-03-07 11:58:57,389 basehttp 54324 50064 "POST /auth/sign-in/ HTTP/1.1" 200 483
ERROR 2024-03-07 11:59:14,691 log 54324 50064 Internal Server Error: /limon/api/adv/
Traceback (most recent call last):
  File "D:\My\Studies\python\alif academy\python pro\Final Project\new project\limon\venv\lib\site-packages\django\core\handlers\exception.py", line 55, in inner
    response = get_response(request)
  File "D:\My\Studies\python\alif academy\python pro\Final Project\new project\limon\venv\lib\site-packages\django\core\handlers\base.py", line 197, in _get_response
    response = wrapped_callback(request, *callback_args, **callback_kwargs)
  File "D:\My\Studies\python\alif academy\python pro\Final Project\new project\limon\venv\lib\site-packages\django\views\decorators\csrf.py", line 65, in _view_wrapper
    return view_func(request, *args, **kwargs)
  File "D:\My\Studies\python\alif academy\python pro\Final Project\new project\limon\venv\lib\site-packages\rest_framework\viewsets.py", line 125, in view
    return self.dispatch(request, *args, **kwargs)
  File "D:\My\Studies\python\alif academy\python pro\Final Project\new project\limon\venv\lib\site-packages\rest_framework\views.py", line 511, in dispatch
    self.response = self.finalize_response(request, response, *args, **kwargs)
  File "D:\My\Studies\python\alif academy\python pro\Final Project\new project\limon\venv\lib\site-packages\rest_framework\views.py", line 423, in finalize_response
    assert isinstance(response, HttpResponseBase), (
AssertionError: Expected a `Response`, `HttpResponse` or `HttpStreamingResponse` to be returned from the view, but received a `<class 'NoneType'>`
ERROR 2024-03-07 11:59:14,692 basehttp 54324 50064 "POST /limon/api/adv/ HTTP/1.1" 500 84265
INFO 2024-03-07 11:59:37,671 autoreload 54324 53536 D:\My\Studies\python\alif academy\python pro\Final Project\new project\limon\limonapp\api\views.py changed, reloading.
INFO 2024-03-07 11:59:38,149 autoreload 55148 54616 Watching for file changes with StatReloader
ERROR 2024-03-07 11:59:39,424 log 55148 55556 Internal Server Error: /limon/api/adv/
Traceback (most recent call last):
  File "D:\My\Studies\python\alif academy\python pro\Final Project\new project\limon\venv\lib\site-packages\django\core\handlers\exception.py", line 55, in inner
    response = get_response(request)
  File "D:\My\Studies\python\alif academy\python pro\Final Project\new project\limon\venv\lib\site-packages\django\core\handlers\base.py", line 197, in _get_response
    response = wrapped_callback(request, *callback_args, **callback_kwargs)
  File "D:\My\Studies\python\alif academy\python pro\Final Project\new project\limon\venv\lib\site-packages\django\views\decorators\csrf.py", line 65, in _view_wrapper
    return view_func(request, *args, **kwargs)
  File "D:\My\Studies\python\alif academy\python pro\Final Project\new project\limon\venv\lib\site-packages\rest_framework\viewsets.py", line 125, in view
    return self.dispatch(request, *args, **kwargs)
  File "D:\My\Studies\python\alif academy\python pro\Final Project\new project\limon\venv\lib\site-packages\rest_framework\views.py", line 511, in dispatch
    self.response = self.finalize_response(request, response, *args, **kwargs)
  File "D:\My\Studies\python\alif academy\python pro\Final Project\new project\limon\venv\lib\site-packages\rest_framework\views.py", line 423, in finalize_response
    assert isinstance(response, HttpResponseBase), (
AssertionError: Expected a `Response`, `HttpResponse` or `HttpStreamingResponse` to be returned from the view, but received a `<class 'NoneType'>`
ERROR 2024-03-07 11:59:39,426 basehttp 55148 55556 "POST /limon/api/adv/ HTTP/1.1" 500 84265
ERROR 2024-03-07 11:59:52,898 log 55148 55556 Internal Server Error: /limon/api/adv/
Traceback (most recent call last):
  File "D:\My\Studies\python\alif academy\python pro\Final Project\new project\limon\venv\lib\site-packages\django\core\handlers\exception.py", line 55, in inner
    response = get_response(request)
  File "D:\My\Studies\python\alif academy\python pro\Final Project\new project\limon\venv\lib\site-packages\django\core\handlers\base.py", line 197, in _get_response
    response = wrapped_callback(request, *callback_args, **callback_kwargs)
  File "D:\My\Studies\python\alif academy\python pro\Final Project\new project\limon\venv\lib\site-packages\django\views\decorators\csrf.py", line 65, in _view_wrapper
    return view_func(request, *args, **kwargs)
  File "D:\My\Studies\python\alif academy\python pro\Final Project\new project\limon\venv\lib\site-packages\rest_framework\viewsets.py", line 125, in view
    return self.dispatch(request, *args, **kwargs)
  File "D:\My\Studies\python\alif academy\python pro\Final Project\new project\limon\venv\lib\site-packages\rest_framework\views.py", line 511, in dispatch
    self.response = self.finalize_response(request, response, *args, **kwargs)
  File "D:\My\Studies\python\alif academy\python pro\Final Project\new project\limon\venv\lib\site-packages\rest_framework\views.py", line 423, in finalize_response
    assert isinstance(response, HttpResponseBase), (
AssertionError: Expected a `Response`, `HttpResponse` or `HttpStreamingResponse` to be returned from the view, but received a `<class 'NoneType'>`
ERROR 2024-03-07 11:59:52,899 basehttp 55148 55556 "POST /limon/api/adv/ HTTP/1.1" 500 84265
INFO 2024-03-07 11:59:57,104 autoreload 36136 42844 Watching for file changes with StatReloader
ERROR 2024-03-07 12:00:10,486 log 36136 54660 Internal Server Error: /limon/api/adv/
Traceback (most recent call last):
  File "D:\My\Studies\python\alif academy\python pro\Final Project\new project\limon\venv\lib\site-packages\django\core\handlers\exception.py", line 55, in inner
    response = get_response(request)
  File "D:\My\Studies\python\alif academy\python pro\Final Project\new project\limon\venv\lib\site-packages\django\core\handlers\base.py", line 197, in _get_response
    response = wrapped_callback(request, *callback_args, **callback_kwargs)
  File "D:\My\Studies\python\alif academy\python pro\Final Project\new project\limon\venv\lib\site-packages\django\views\decorators\csrf.py", line 65, in _view_wrapper
    return view_func(request, *args, **kwargs)
  File "D:\My\Studies\python\alif academy\python pro\Final Project\new project\limon\venv\lib\site-packages\rest_framework\viewsets.py", line 125, in view
    return self.dispatch(request, *args, **kwargs)
  File "D:\My\Studies\python\alif academy\python pro\Final Project\new project\limon\venv\lib\site-packages\rest_framework\views.py", line 511, in dispatch
    self.response = self.finalize_response(request, response, *args, **kwargs)
  File "D:\My\Studies\python\alif academy\python pro\Final Project\new project\limon\venv\lib\site-packages\rest_framework\views.py", line 423, in finalize_response
    assert isinstance(response, HttpResponseBase), (
AssertionError: Expected a `Response`, `HttpResponse` or `HttpStreamingResponse` to be returned from the view, but received a `<class 'NoneType'>`
ERROR 2024-03-07 12:00:10,487 basehttp 36136 54660 "POST /limon/api/adv/ HTTP/1.1" 500 84265
INFO 2024-03-07 12:00:52,428 autoreload 49492 45980 Watching for file changes with StatReloader
ERROR 2024-03-07 12:00:56,363 log 49492 55836 Internal Server Error: /limon/api/adv/
Traceback (most recent call last):
  File "D:\My\Studies\python\alif academy\python pro\Final Project\new project\limon\venv\lib\site-packages\django\core\handlers\exception.py", line 55, in inner
    response = get_response(request)
  File "D:\My\Studies\python\alif academy\python pro\Final Project\new project\limon\venv\lib\site-packages\django\core\handlers\base.py", line 197, in _get_response
    response = wrapped_callback(request, *callback_args, **callback_kwargs)
  File "D:\My\Studies\python\alif academy\python pro\Final Project\new project\limon\venv\lib\site-packages\django\views\decorators\csrf.py", line 65, in _view_wrapper
    return view_func(request, *args, **kwargs)
  File "D:\My\Studies\python\alif academy\python pro\Final Project\new project\limon\venv\lib\site-packages\rest_framework\viewsets.py", line 125, in view
    return self.dispatch(request, *args, **kwargs)
  File "D:\My\Studies\python\alif academy\python pro\Final Project\new project\limon\venv\lib\site-packages\rest_framework\views.py", line 511, in dispatch
    self.response = self.finalize_response(request, response, *args, **kwargs)
  File "D:\My\Studies\python\alif academy\python pro\Final Project\new project\limon\venv\lib\site-packages\rest_framework\views.py", line 423, in finalize_response
    assert isinstance(response, HttpResponseBase), (
AssertionError: Expected a `Response`, `HttpResponse` or `HttpStreamingResponse` to be returned from the view, but received a `<class 'NoneType'>`
ERROR 2024-03-07 12:00:56,364 basehttp 49492 55836 "POST /limon/api/adv/ HTTP/1.1" 500 84265
INFO 2024-03-07 12:01:22,650 basehttp 49492 55836 "GET /limon/ HTTP/1.1" 200 38
INFO 2024-03-07 12:01:25,931 basehttp 49492 55836 "GET /limon/adv/ HTTP/1.1" 200 16510
INFO 2024-03-07 12:01:36,193 basehttp 49492 55836 "GET /limon/adv/31 HTTP/1.1" 301 0
INFO 2024-03-07 12:01:36,203 basehttp 49492 19620 "GET /limon/adv/31/ HTTP/1.1" 200 265
INFO 2024-03-07 12:01:43,323 basehttp 49492 19620 "POST /auth/sign-up/ HTTP/1.1" 200 39
INFO 2024-03-07 12:01:47,614 basehttp 49492 19620 "POST /auth/sign-in/ HTTP/1.1" 200 483
WARNING 2024-03-07 12:02:04,813 log 49492 19620 Unauthorized: /api/token/refresh/
WARNING 2024-03-07 12:02:04,814 basehttp 49492 19620 "POST /api/token/refresh/ HTTP/1.1" 401 91
INFO 2024-03-07 12:02:14,910 basehttp 49492 19620 "POST /api/token/refresh/ HTTP/1.1" 200 241
INFO 2024-03-07 12:02:23,741 basehttp 49492 19620 "POST /auth/sign-in/ HTTP/1.1" 200 483
WARNING 2024-03-07 12:02:36,024 log 49492 19620 Unauthorized: /api/token/refresh/
WARNING 2024-03-07 12:02:36,024 basehttp 49492 19620 "POST /api/token/refresh/ HTTP/1.1" 401 91
INFO 2024-03-07 12:02:43,270 basehttp 49492 19620 "POST /api/token/refresh/ HTTP/1.1" 200 241
INFO 2024-03-07 12:03:12,884 basehttp 49492 19620 "POST /auth/sign-in/ HTTP/1.1" 200 483
INFO 2024-03-07 12:03:53,696 basehttp 49492 19620 "POST /auth/sign-in/ HTTP/1.1" 200 483
WARNING 2024-03-07 12:04:10,499 log 49492 19620 Unauthorized: /auth/sign-in/
WARNING 2024-03-07 12:04:10,499 basehttp 49492 19620 "POST /auth/sign-in/ HTTP/1.1" 401 116
INFO 2024-03-07 12:04:14,374 basehttp 49492 19620 "POST /auth/sign-in/ HTTP/1.1" 200 483
INFO 2024-03-07 12:04:25,601 basehttp 49492 19620 "POST /api/token/refresh/ HTTP/1.1" 200 241
INFO 2024-03-07 12:04:33,367 basehttp 49492 19620 "GET /limon/api/adv/ HTTP/1.1" 200 13546
INFO 2024-03-07 12:04:43,288 basehttp 49492 19620 "GET /limon/adv/31 HTTP/1.1" 301 0
INFO 2024-03-07 12:04:43,297 basehttp 49492 49432 "GET /limon/adv/31/ HTTP/1.1" 200 265
ERROR 2024-03-07 12:04:50,429 log 49492 49432 Internal Server Error: /limon/api/adv/
Traceback (most recent call last):
  File "D:\My\Studies\python\alif academy\python pro\Final Project\new project\limon\venv\lib\site-packages\django\core\handlers\exception.py", line 55, in inner
    response = get_response(request)
  File "D:\My\Studies\python\alif academy\python pro\Final Project\new project\limon\venv\lib\site-packages\django\core\handlers\base.py", line 197, in _get_response
    response = wrapped_callback(request, *callback_args, **callback_kwargs)
  File "D:\My\Studies\python\alif academy\python pro\Final Project\new project\limon\venv\lib\site-packages\django\views\decorators\csrf.py", line 65, in _view_wrapper
    return view_func(request, *args, **kwargs)
  File "D:\My\Studies\python\alif academy\python pro\Final Project\new project\limon\venv\lib\site-packages\rest_framework\viewsets.py", line 125, in view
    return self.dispatch(request, *args, **kwargs)
  File "D:\My\Studies\python\alif academy\python pro\Final Project\new project\limon\venv\lib\site-packages\rest_framework\views.py", line 511, in dispatch
    self.response = self.finalize_response(request, response, *args, **kwargs)
  File "D:\My\Studies\python\alif academy\python pro\Final Project\new project\limon\venv\lib\site-packages\rest_framework\views.py", line 423, in finalize_response
    assert isinstance(response, HttpResponseBase), (
AssertionError: Expected a `Response`, `HttpResponse` or `HttpStreamingResponse` to be returned from the view, but received a `<class 'NoneType'>`
ERROR 2024-03-07 12:04:50,431 basehttp 49492 49432 "POST /limon/api/adv/ HTTP/1.1" 500 84265
INFO 2024-03-07 12:05:31,841 autoreload 49492 45980 D:\My\Studies\python\alif academy\python pro\Final Project\new project\limon\limonapp\api\views.py changed, reloading.
INFO 2024-03-07 12:05:32,295 autoreload 48076 21132 Watching for file changes with StatReloader
INFO 2024-03-07 12:05:34,389 basehttp 48076 51544 "POST /limon/api/adv/ HTTP/1.1" 201 274
WARNING 2024-03-07 12:06:06,327 log 48076 51544 Method Not Allowed: /limon/adv/50/
WARNING 2024-03-07 12:06:06,328 basehttp 48076 51544 "PUT /limon/adv/50/ HTTP/1.1" 405 54
WARNING 2024-03-07 12:06:11,693 log 48076 51544 Method Not Allowed: /limon/adv/2/
WARNING 2024-03-07 12:06:11,693 basehttp 48076 51544 "PATCH /limon/adv/2/ HTTP/1.1" 405 56
WARNING 2024-03-07 12:06:18,506 log 48076 51544 Method Not Allowed: /limon/adv/2/
WARNING 2024-03-07 12:06:18,507 basehttp 48076 51544 "PATCH /limon/adv/2/ HTTP/1.1" 405 56
INFO 2024-03-07 12:06:32,115 basehttp 48076 51544 "DELETE /limon/adv/31 HTTP/1.1" 301 0
INFO 2024-03-07 12:06:32,128 basehttp 48076 37796 "GET /limon/adv/31/ HTTP/1.1" 200 265
WARNING 2024-03-07 12:08:24,507 log 48076 37796 Method Not Allowed: /limon/adv/50/
WARNING 2024-03-07 12:08:24,507 basehttp 48076 37796 "PUT /limon/adv/50/ HTTP/1.1" 405 54
INFO 2024-03-07 12:17:16,560 autoreload 48076 21132 D:\My\Studies\python\alif academy\python pro\Final Project\new project\limon\limonapp\api\views.py changed, reloading.
INFO 2024-03-07 12:17:17,021 autoreload 56076 55372 Watching for file changes with StatReloader
WARNING 2024-03-07 12:17:18,834 log 56076 37724 Unauthorized: /limon/adv/50/
WARNING 2024-03-07 12:17:18,834 basehttp 56076 37724 "PUT /limon/adv/50/ HTTP/1.1" 401 275
INFO 2024-03-07 12:17:27,440 basehttp 56076 37724 "POST /auth/sign-in/ HTTP/1.1" 200 483
WARNING 2024-03-07 12:17:37,669 log 56076 37724 Method Not Allowed: /limon/adv/50/
WARNING 2024-03-07 12:17:37,670 basehttp 56076 37724 "PUT /limon/adv/50/ HTTP/1.1" 405 54
INFO 2024-03-07 12:17:54,597 autoreload 52988 42796 Watching for file changes with StatReloader
WARNING 2024-03-07 12:17:57,190 log 52988 40124 Method Not Allowed: /limon/adv/50/
WARNING 2024-03-07 12:17:57,191 basehttp 52988 40124 "PUT /limon/adv/50/ HTTP/1.1" 405 54
INFO 2024-03-07 12:19:20,828 autoreload 41948 55200 Watching for file changes with StatReloader
WARNING 2024-03-07 12:19:24,825 log 41948 46048 Method Not Allowed: /limon/adv/50/
WARNING 2024-03-07 12:19:24,825 basehttp 41948 46048 "PUT /limon/adv/50/ HTTP/1.1" 405 54
INFO 2024-03-07 12:20:23,953 autoreload 41948 55200 D:\My\Studies\python\alif academy\python pro\Final Project\new project\limon\limonapp\api\views.py changed, reloading.
INFO 2024-03-07 12:20:24,409 autoreload 56136 41172 Watching for file changes with StatReloader
INFO 2024-03-07 12:26:25,868 autoreload 56136 41172 D:\My\Studies\python\alif academy\python pro\Final Project\new project\limon\limonapp\api\views.py changed, reloading.
INFO 2024-03-07 12:26:26,604 autoreload 56232 51488 Watching for file changes with StatReloader
WARNING 2024-03-07 12:26:28,527 log 56232 45968 Unauthorized: /limon/adv/50/
WARNING 2024-03-07 12:26:28,527 basehttp 56232 45968 "PUT /limon/adv/50/ HTTP/1.1" 401 275
INFO 2024-03-07 12:26:43,750 basehttp 56232 45968 "POST /api/token/refresh/ HTTP/1.1" 200 241
WARNING 2024-03-07 12:27:07,737 log 56232 45968 Method Not Allowed: /limon/adv/50/
WARNING 2024-03-07 12:27:07,737 basehttp 56232 45968 "PUT /limon/adv/50/ HTTP/1.1" 405 54
INFO 2024-03-07 12:28:38,176 autoreload 56232 51488 D:\My\Studies\python\alif academy\python pro\Final Project\new project\limon\limonapp\api\urls.py changed, reloading.
INFO 2024-03-07 12:28:38,627 autoreload 54320 49564 Watching for file changes with StatReloader
WARNING 2024-03-07 12:28:40,120 log 54320 32036 Method Not Allowed: /limon/adv/50/
WARNING 2024-03-07 12:28:40,121 basehttp 54320 32036 "PUT /limon/adv/50/ HTTP/1.1" 405 54
INFO 2024-03-07 12:28:54,432 autoreload 52280 52652 Watching for file changes with StatReloader
ERROR 2024-03-07 12:29:09,491 log 52280 47524 Internal Server Error: /limon/adv/50
Traceback (most recent call last):
  File "D:\My\Studies\python\alif academy\python pro\Final Project\new project\limon\venv\lib\site-packages\django\core\handlers\exception.py", line 55, in inner
    response = get_response(request)
  File "D:\My\Studies\python\alif academy\python pro\Final Project\new project\limon\venv\lib\site-packages\django\utils\deprecation.py", line 136, in __call__
    response = self.process_response(request, response)
  File "D:\My\Studies\python\alif academy\python pro\Final Project\new project\limon\venv\lib\site-packages\django\middleware\common.py", line 108, in process_response
    return self.response_redirect_class(self.get_full_path_with_slash(request))
  File "D:\My\Studies\python\alif academy\python pro\Final Project\new project\limon\venv\lib\site-packages\django\middleware\common.py", line 87, in get_full_path_with_slash
    raise RuntimeError(
RuntimeError: You called this URL via PUT, but the URL doesn't end in a slash and you have APPEND_SLASH set. Django can't redirect to the slash URL while maintaining PUT data. Change your form to point to 127.0.0.1:8000/limon/adv/50/ (note the trailing slash), or set APPEND_SLASH=False in your Django settings.
ERROR 2024-03-07 12:29:09,492 basehttp 52280 47524 "PUT /limon/adv/50 HTTP/1.1" 500 74181
INFO 2024-03-07 12:30:07,064 autoreload 52280 52652 D:\My\Studies\python\alif academy\python pro\Final Project\new project\limon\limon\settings.py changed, reloading.
INFO 2024-03-07 12:30:07,554 autoreload 30784 51232 Watching for file changes with StatReloader
WARNING 2024-03-07 12:30:11,692 log 30784 48352 Not Found: /limon/adv/50
WARNING 2024-03-07 12:30:11,693 basehttp 30784 48352 "PUT /limon/adv/50 HTTP/1.1" 404 3300
WARNING 2024-03-07 12:30:17,168 log 30784 48352 Method Not Allowed: /limon/adv/50/
WARNING 2024-03-07 12:30:17,168 basehttp 30784 48352 "PUT /limon/adv/50/ HTTP/1.1" 405 54
INFO 2024-03-07 12:32:42,267 autoreload 30784 51232 D:\My\Studies\python\alif academy\python pro\Final Project\new project\limon\limonapp\api\urls.py changed, reloading.
INFO 2024-03-07 12:32:42,795 autoreload 23756 13256 Watching for file changes with StatReloader
WARNING 2024-03-07 12:32:43,394 log 23756 37396 Unauthorized: /limon/adv/50/
WARNING 2024-03-07 12:32:43,395 basehttp 23756 37396 "PUT /limon/adv/50/ HTTP/1.1" 401 275
WARNING 2024-03-07 12:33:25,587 log 23756 37396 Unauthorized: /limon/adv/50/
WARNING 2024-03-07 12:33:25,588 basehttp 23756 37396 "PUT /limon/adv/50/ HTTP/1.1" 401 275
INFO 2024-03-07 12:33:37,024 autoreload 23756 13256 D:\My\Studies\python\alif academy\python pro\Final Project\new project\limon\limonapp\api\views.py changed, reloading.
INFO 2024-03-07 12:33:37,485 autoreload 55084 45504 Watching for file changes with StatReloader
WARNING 2024-03-07 12:33:37,783 log 55084 55964 Unauthorized: /limon/adv/50/
WARNING 2024-03-07 12:33:37,783 basehttp 55084 55964 "PUT /limon/adv/50/ HTTP/1.1" 401 275
WARNING 2024-03-07 12:33:38,748 log 55084 55964 Unauthorized: /limon/adv/50/
WARNING 2024-03-07 12:33:38,749 basehttp 55084 55964 "PUT /limon/adv/50/ HTTP/1.1" 401 275
INFO 2024-03-07 12:34:04,699 autoreload 49796 44076 Watching for file changes with StatReloader
WARNING 2024-03-07 12:34:11,821 log 49796 55996 Unauthorized: /limon/adv/50/
WARNING 2024-03-07 12:34:11,821 basehttp 49796 55996 "PUT /limon/adv/50/ HTTP/1.1" 401 275
INFO 2024-03-07 12:34:44,763 basehttp 49796 55996 "POST /auth/sign-in/ HTTP/1.1" 200 483
INFO 2024-03-07 12:34:45,348 basehttp 49796 55996 "POST /auth/sign-in/ HTTP/1.1" 200 483
WARNING 2024-03-07 12:34:58,273 log 49796 55996 Method Not Allowed: /limon/adv/50/
WARNING 2024-03-07 12:34:58,273 basehttp 49796 55996 "PUT /limon/adv/50/ HTTP/1.1" 405 54
INFO 2024-03-07 12:35:06,185 basehttp 49796 55996 "POST /limon/api/adv/ HTTP/1.1" 201 274
INFO 2024-03-07 12:35:09,560 basehttp 49796 55996 "POST /limon/api/adv/ HTTP/1.1" 201 274
WARNING 2024-03-07 12:35:16,777 log 49796 55996 Method Not Allowed: /limon/adv/50/
WARNING 2024-03-07 12:35:16,777 basehttp 49796 55996 "PUT /limon/adv/50/ HTTP/1.1" 405 54
WARNING 2024-03-07 12:35:17,607 log 49796 55996 Method Not Allowed: /limon/adv/50/
WARNING 2024-03-07 12:35:17,608 basehttp 49796 55996 "PUT /limon/adv/50/ HTTP/1.1" 405 54
WARNING 2024-03-07 12:35:36,734 log 49796 55996 Method Not Allowed: /limon/adv/54/
WARNING 2024-03-07 12:35:36,734 basehttp 49796 55996 "PUT /limon/adv/54/ HTTP/1.1" 405 54
INFO 2024-03-07 12:37:53,339 autoreload 49796 44076 D:\My\Studies\python\alif academy\python pro\Final Project\new project\limon\limonapp\api\views.py changed, reloading.
INFO 2024-03-07 12:37:53,817 autoreload 52164 43388 Watching for file changes with StatReloader
INFO 2024-03-07 12:38:17,453 autoreload 52164 43388 D:\My\Studies\python\alif academy\python pro\Final Project\new project\limon\limonapp\api\views.py changed, reloading.
INFO 2024-03-07 12:38:17,918 autoreload 41592 22468 Watching for file changes with StatReloader
INFO 2024-03-07 12:38:34,175 autoreload 54636 37604 Watching for file changes with StatReloader
WARNING 2024-03-07 12:38:42,279 log 54636 53036 Method Not Allowed: /limon/adv/54/
WARNING 2024-03-07 12:38:42,281 basehttp 54636 53036 "PUT /limon/adv/54/ HTTP/1.1" 405 54
WARNING 2024-03-07 12:38:43,724 log 54636 53036 Method Not Allowed: /limon/adv/54/
WARNING 2024-03-07 12:38:43,725 basehttp 54636 53036 "PUT /limon/adv/54/ HTTP/1.1" 405 54
WARNING 2024-03-07 12:38:47,668 log 54636 53036 Not Found: /limon/adv/50
WARNING 2024-03-07 12:38:47,668 basehttp 54636 53036 "PUT /limon/adv/50 HTTP/1.1" 404 3300
WARNING 2024-03-07 12:38:51,749 log 54636 53036 Method Not Allowed: /limon/adv/50/
WARNING 2024-03-07 12:38:51,749 basehttp 54636 53036 "PUT /limon/adv/50/ HTTP/1.1" 405 54
INFO 2024-03-07 12:39:16,984 autoreload 54636 37604 D:\My\Studies\python\alif academy\python pro\Final Project\new project\limon\limonapp\api\views.py changed, reloading.
INFO 2024-03-07 12:39:17,588 autoreload 50768 52320 Watching for file changes with StatReloader
WARNING 2024-03-07 12:39:18,221 log 50768 53520 Method Not Allowed: /limon/adv/50/
WARNING 2024-03-07 12:39:18,222 basehttp 50768 53520 "PUT /limon/adv/50/ HTTP/1.1" 405 54
INFO 2024-03-07 12:40:48,988 autoreload 50768 52320 D:\My\Studies\python\alif academy\python pro\Final Project\new project\limon\limonapp\api\views.py changed, reloading.
INFO 2024-03-07 12:40:49,491 autoreload 39900 55684 Watching for file changes with StatReloader
INFO 2024-03-07 12:40:57,360 autoreload 39900 55684 D:\My\Studies\python\alif academy\python pro\Final Project\new project\limon\limonapp\api\views.py changed, reloading.
INFO 2024-03-07 12:40:57,808 autoreload 53644 54852 Watching for file changes with StatReloader
INFO 2024-03-07 12:41:00,327 autoreload 53644 54852 D:\My\Studies\python\alif academy\python pro\Final Project\new project\limon\limonapp\api\views.py changed, reloading.
INFO 2024-03-07 12:41:00,982 autoreload 54504 54388 Watching for file changes with StatReloader
INFO 2024-03-07 12:41:04,566 autoreload 54504 54388 D:\My\Studies\python\alif academy\python pro\Final Project\new project\limon\limonapp\api\views.py changed, reloading.
INFO 2024-03-07 12:41:05,037 autoreload 55768 54184 Watching for file changes with StatReloader
WARNING 2024-03-07 12:41:05,984 log 55768 53544 Unauthorized: /limon/adv/50/
WARNING 2024-03-07 12:41:05,984 basehttp 55768 53544 "PUT /limon/adv/50/ HTTP/1.1" 401 275
INFO 2024-03-07 12:41:10,801 basehttp 55768 53544 "POST /auth/sign-in/ HTTP/1.1" 200 483
WARNING 2024-03-07 12:41:20,741 log 55768 53544 Method Not Allowed: /limon/adv/50/
WARNING 2024-03-07 12:41:20,741 basehttp 55768 53544 "PUT /limon/adv/50/ HTTP/1.1" 405 54
INFO 2024-03-07 12:41:34,077 autoreload 55768 54184 D:\My\Studies\python\alif academy\python pro\Final Project\new project\limon\limonapp\api\views.py changed, reloading.
INFO 2024-03-07 12:41:34,589 autoreload 54640 55528 Watching for file changes with StatReloader
WARNING 2024-03-07 12:41:38,120 log 54640 55176 Method Not Allowed: /limon/adv/50/
WARNING 2024-03-07 12:41:38,120 basehttp 54640 55176 "PUT /limon/adv/50/ HTTP/1.1" 405 54
INFO 2024-03-07 12:42:37,423 autoreload 54640 55528 D:\My\Studies\python\alif academy\python pro\Final Project\new project\limon\limonapp\api\views.py changed, reloading.
INFO 2024-03-07 12:42:37,899 autoreload 27348 44908 Watching for file changes with StatReloader
WARNING 2024-03-07 12:42:45,888 log 27348 56104 Method Not Allowed: /limon/adv/50/
WARNING 2024-03-07 12:42:45,888 basehttp 27348 56104 "PUT /limon/adv/50/ HTTP/1.1" 405 54
WARNING 2024-03-07 12:42:46,808 log 27348 56104 Method Not Allowed: /limon/adv/50/
WARNING 2024-03-07 12:42:46,809 basehttp 27348 56104 "PUT /limon/adv/50/ HTTP/1.1" 405 54
INFO 2024-03-07 12:43:20,917 autoreload 27348 44908 D:\My\Studies\python\alif academy\python pro\Final Project\new project\limon\limonapp\api\views.py changed, reloading.
INFO 2024-03-07 12:43:21,412 autoreload 22596 51232 Watching for file changes with StatReloader
WARNING 2024-03-07 12:43:23,415 log 22596 54392 Method Not Allowed: /limon/adv/50/
WARNING 2024-03-07 12:43:23,415 basehttp 22596 54392 "PUT /limon/adv/50/ HTTP/1.1" 405 54
WARNING 2024-03-07 12:43:24,389 log 22596 54392 Method Not Allowed: /limon/adv/50/
WARNING 2024-03-07 12:43:24,389 basehttp 22596 54392 "PUT /limon/adv/50/ HTTP/1.1" 405 54
INFO 2024-03-07 12:47:07,706 autoreload 22596 51232 D:\My\Studies\python\alif academy\python pro\Final Project\new project\limon\limonapp\api\views.py changed, reloading.
INFO 2024-03-07 12:47:08,216 autoreload 24804 22592 Watching for file changes with StatReloader
WARNING 2024-03-07 12:47:14,905 log 24804 56156 Unauthorized: /limon/adv/50/
WARNING 2024-03-07 12:47:14,906 basehttp 24804 56156 "PUT /limon/adv/50/ HTTP/1.1" 401 275
INFO 2024-03-07 12:47:19,189 basehttp 24804 56156 "POST /auth/sign-in/ HTTP/1.1" 200 483
WARNING 2024-03-07 12:47:31,778 log 24804 56156 Method Not Allowed: /limon/adv/50/
WARNING 2024-03-07 12:47:31,780 basehttp 24804 56156 "PUT /limon/adv/50/ HTTP/1.1" 405 54
INFO 2024-03-07 12:47:38,538 autoreload 24804 22592 D:\My\Studies\python\alif academy\python pro\Final Project\new project\limon\limonapp\api\views.py changed, reloading.
INFO 2024-03-07 12:47:39,019 autoreload 32036 48960 Watching for file changes with StatReloader
INFO 2024-03-07 12:48:05,709 autoreload 32036 48960 D:\My\Studies\python\alif academy\python pro\Final Project\new project\limon\limonapp\api\views.py changed, reloading.
INFO 2024-03-07 12:48:06,164 autoreload 55156 53420 Watching for file changes with StatReloader
INFO 2024-03-07 12:48:26,470 autoreload 55156 53420 D:\My\Studies\python\alif academy\python pro\Final Project\new project\limon\limonapp\api\views.py changed, reloading.
INFO 2024-03-07 12:48:26,936 autoreload 11388 55212 Watching for file changes with StatReloader
WARNING 2024-03-07 12:48:27,300 log 11388 55660 Method Not Allowed: /limon/adv/50/
WARNING 2024-03-07 12:48:27,301 basehttp 11388 55660 "PUT /limon/adv/50/ HTTP/1.1" 405 54
WARNING 2024-03-07 12:48:28,605 log 11388 55660 Method Not Allowed: /limon/adv/50/
WARNING 2024-03-07 12:48:28,606 basehttp 11388 55660 "PUT /limon/adv/50/ HTTP/1.1" 405 54
WARNING 2024-03-07 12:48:37,287 log 11388 55660 Method Not Allowed: /limon/adv/50/
WARNING 2024-03-07 12:48:37,287 basehttp 11388 55660 "DELETE /limon/adv/50/ HTTP/1.1" 405 57
INFO 2024-03-07 12:48:53,744 autoreload 11388 55212 D:\My\Studies\python\alif academy\python pro\Final Project\new project\limon\limonapp\api\views.py changed, reloading.
INFO 2024-03-07 12:48:54,334 autoreload 56156 19340 Watching for file changes with StatReloader
WARNING 2024-03-07 12:48:55,711 log 56156 36212 Method Not Allowed: /limon/adv/50/
WARNING 2024-03-07 12:48:55,712 basehttp 56156 36212 "DELETE /limon/adv/50/ HTTP/1.1" 405 57
WARNING 2024-03-07 12:49:01,565 log 56156 36212 Method Not Allowed: /limon/adv/50/
WARNING 2024-03-07 12:49:01,566 basehttp 56156 36212 "PUT /limon/adv/50/ HTTP/1.1" 405 54
WARNING 2024-03-07 12:49:07,513 log 56156 36212 Method Not Allowed: /limon/adv/50/
WARNING 2024-03-07 12:49:07,514 basehttp 56156 36212 "PATCH /limon/adv/50/ HTTP/1.1" 405 56
INFO 2024-03-07 12:49:12,583 basehttp 56156 36212 "GET /limon/adv/50/ HTTP/1.1" 200 318
WARNING 2024-03-07 12:49:17,512 log 56156 36212 Method Not Allowed: /limon/adv/50/
WARNING 2024-03-07 12:49:17,512 basehttp 56156 36212 "PUT /limon/adv/50/ HTTP/1.1" 405 54
INFO 2024-03-07 12:50:22,757 autoreload 56156 19340 D:\My\Studies\python\alif academy\python pro\Final Project\new project\limon\limonapp\api\urls.py changed, reloading.
INFO 2024-03-07 12:50:23,382 autoreload 49700 51160 Watching for file changes with StatReloader
WARNING 2024-03-07 12:50:25,306 log 49700 45504 Method Not Allowed: /limon/adv/50/
WARNING 2024-03-07 12:50:25,307 basehttp 49700 45504 "PUT /limon/adv/50/ HTTP/1.1" 405 54
WARNING 2024-03-07 12:50:26,148 log 49700 45504 Method Not Allowed: /limon/adv/50/
WARNING 2024-03-07 12:50:26,149 basehttp 49700 45504 "PUT /limon/adv/50/ HTTP/1.1" 405 54
INFO 2024-03-07 12:50:48,325 autoreload 49700 51160 D:\My\Studies\python\alif academy\python pro\Final Project\new project\limon\limonapp\api\views.py changed, reloading.
INFO 2024-03-07 12:50:48,829 autoreload 15016 48608 Watching for file changes with StatReloader
INFO 2024-03-07 12:51:02,939 autoreload 15016 48608 D:\My\Studies\python\alif academy\python pro\Final Project\new project\limon\limonapp\api\urls.py changed, reloading.
INFO 2024-03-07 12:51:03,413 autoreload 49548 55660 Watching for file changes with StatReloader
INFO 2024-03-07 12:53:53,176 autoreload 49548 55660 D:\My\Studies\python\alif academy\python pro\Final Project\new project\limon\limonapp\api\views.py changed, reloading.
INFO 2024-03-07 12:53:53,689 autoreload 13256 33224 Watching for file changes with StatReloader
INFO 2024-03-07 12:54:42,674 autoreload 13256 33224 D:\My\Studies\python\alif academy\python pro\Final Project\new project\limon\limonapp\api\urls.py changed, reloading.
INFO 2024-03-07 12:54:43,164 autoreload 56024 55448 Watching for file changes with StatReloader
INFO 2024-03-07 12:54:48,851 autoreload 56024 55448 D:\My\Studies\python\alif academy\python pro\Final Project\new project\limon\limonapp\api\urls.py changed, reloading.
INFO 2024-03-07 12:54:49,360 autoreload 54524 27696 Watching for file changes with StatReloader
INFO 2024-03-07 12:54:54,984 autoreload 54524 27696 D:\My\Studies\python\alif academy\python pro\Final Project\new project\limon\limonapp\api\urls.py changed, reloading.
INFO 2024-03-07 12:54:55,434 autoreload 56280 17580 Watching for file changes with StatReloader
INFO 2024-03-07 12:55:12,624 autoreload 56280 17580 D:\My\Studies\python\alif academy\python pro\Final Project\new project\limon\limonapp\api\urls.py changed, reloading.
INFO 2024-03-07 12:55:13,073 autoreload 27696 49484 Watching for file changes with StatReloader
INFO 2024-03-07 12:55:32,447 autoreload 55760 32724 Watching for file changes with StatReloader
INFO 2024-03-07 12:55:57,044 autoreload 55760 32724 D:\My\Studies\python\alif academy\python pro\Final Project\new project\limon\limonapp\api\views.py changed, reloading.
INFO 2024-03-07 12:55:57,496 autoreload 52272 48480 Watching for file changes with StatReloader
INFO 2024-03-07 12:56:30,545 autoreload 52272 48480 D:\My\Studies\python\alif academy\python pro\Final Project\new project\limon\limonapp\api\views.py changed, reloading.
INFO 2024-03-07 12:56:31,017 autoreload 51572 45664 Watching for file changes with StatReloader
INFO 2024-03-07 12:56:52,548 autoreload 51572 45664 D:\My\Studies\python\alif academy\python pro\Final Project\new project\limon\limonapp\api\views.py changed, reloading.
INFO 2024-03-07 12:56:53,114 autoreload 47508 51276 Watching for file changes with StatReloader
INFO 2024-03-07 12:57:18,707 autoreload 47508 51276 D:\My\Studies\python\alif academy\python pro\Final Project\new project\limon\limonapp\api\urls.py changed, reloading.
INFO 2024-03-07 12:57:19,156 autoreload 52888 35352 Watching for file changes with StatReloader
INFO 2024-03-07 12:57:32,146 autoreload 52888 35352 D:\My\Studies\python\alif academy\python pro\Final Project\new project\limon\limonapp\api\urls.py changed, reloading.
INFO 2024-03-07 12:57:32,592 autoreload 44232 50260 Watching for file changes with StatReloader
INFO 2024-03-07 12:58:21,429 autoreload 44232 50260 D:\My\Studies\python\alif academy\python pro\Final Project\new project\limon\limonapp\api\urls.py changed, reloading.
INFO 2024-03-07 12:58:21,875 autoreload 22388 48480 Watching for file changes with StatReloader
WARNING 2024-03-07 12:58:24,694 log 22388 54184 Not Found: /limon/v1/adv/50/
WARNING 2024-03-07 12:58:24,695 basehttp 22388 54184 "PUT /limon/v1/adv/50/ HTTP/1.1" 404 3312
WARNING 2024-03-07 12:58:29,221 log 22388 54184 Not Found: /limon/v1/adv/50
WARNING 2024-03-07 12:58:29,222 basehttp 22388 54184 "PUT /limon/v1/adv/50 HTTP/1.1" 404 3309
WARNING 2024-03-07 12:58:31,209 log 22388 54184 Not Found: /limon/v1/adv/50/
WARNING 2024-03-07 12:58:31,209 basehttp 22388 54184 "PUT /limon/v1/adv/50/ HTTP/1.1" 404 3312
WARNING 2024-03-07 12:58:51,448 log 22388 54184 Not Found: /limon/v1/adv/50/
WARNING 2024-03-07 12:58:51,449 basehttp 22388 54184 "PUT /limon/v1/adv/50/ HTTP/1.1" 404 3312
WARNING 2024-03-07 12:59:11,712 log 22388 54184 Unauthorized: /limon/adv/50/
WARNING 2024-03-07 12:59:11,712 basehttp 22388 54184 "PUT /limon/adv/50/ HTTP/1.1" 401 275
INFO 2024-03-07 12:59:17,680 basehttp 22388 54184 "POST /auth/sign-in/ HTTP/1.1" 200 483
WARNING 2024-03-07 12:59:30,577 log 22388 54184 Method Not Allowed: /limon/adv/50/
WARNING 2024-03-07 12:59:30,577 basehttp 22388 54184 "PUT /limon/adv/50/ HTTP/1.1" 405 54
INFO 2024-03-07 12:59:39,886 autoreload 22388 48480 D:\My\Studies\python\alif academy\python pro\Final Project\new project\limon\limonapp\api\urls.py changed, reloading.
INFO 2024-03-07 12:59:40,447 autoreload 53864 47292 Watching for file changes with StatReloader
INFO 2024-03-07 12:59:54,596 autoreload 53864 47292 D:\My\Studies\python\alif academy\python pro\Final Project\new project\limon\limonapp\api\urls.py changed, reloading.
INFO 2024-03-07 12:59:55,033 autoreload 55168 51808 Watching for file changes with StatReloader
WARNING 2024-03-07 12:59:56,712 log 55168 55072 Method Not Allowed: /limon/adv/50/
WARNING 2024-03-07 12:59:56,713 basehttp 55168 55072 "PUT /limon/adv/50/ HTTP/1.1" 405 54
WARNING 2024-03-07 12:59:57,577 log 55168 55072 Method Not Allowed: /limon/adv/50/
WARNING 2024-03-07 12:59:57,577 basehttp 55168 55072 "PUT /limon/adv/50/ HTTP/1.1" 405 54
INFO 2024-03-07 13:00:12,532 autoreload 55168 51808 D:\My\Studies\python\alif academy\python pro\Final Project\new project\limon\limonapp\api\views.py changed, reloading.
INFO 2024-03-07 13:00:12,998 autoreload 53860 55432 Watching for file changes with StatReloader
INFO 2024-03-07 13:00:20,804 autoreload 53860 55432 D:\My\Studies\python\alif academy\python pro\Final Project\new project\limon\limonapp\api\urls.py changed, reloading.
INFO 2024-03-07 13:00:21,287 autoreload 55440 55744 Watching for file changes with StatReloader
INFO 2024-03-07 13:00:34,339 autoreload 55440 55744 D:\My\Studies\python\alif academy\python pro\Final Project\new project\limon\limonapp\api\urls.py changed, reloading.
INFO 2024-03-07 13:00:34,781 autoreload 56164 17580 Watching for file changes with StatReloader
WARNING 2024-03-07 13:00:38,297 log 56164 51808 Not Found: /abrakadabra/adv/50/
WARNING 2024-03-07 13:00:38,298 basehttp 56164 51808 "PUT /abrakadabra/adv/50/ HTTP/1.1" 404 2788
WARNING 2024-03-07 13:00:49,225 log 56164 51808 Not Found: /limon/api/abrakadabra/adv/50/
WARNING 2024-03-07 13:00:49,226 basehttp 56164 51808 "PUT /limon/api/abrakadabra/adv/50/ HTTP/1.1" 404 3996
WARNING 2024-03-07 13:00:58,292 log 56164 51808 Bad Request: /limon/api/abrakadabra/50/
WARNING 2024-03-07 13:00:58,293 basehttp 56164 51808 "PUT /limon/api/abrakadabra/50/ HTTP/1.1" 400 153
INFO 2024-03-07 13:02:09,627 basehttp 56164 51808 "PUT /limon/api/abrakadabra/50/ HTTP/1.1" 200 225
INFO 2024-03-07 13:23:42,411 autoreload 56164 17580 D:\My\Studies\python\alif academy\python pro\Final Project\new project\limon\limonapp\api\views.py changed, reloading.
INFO 2024-03-07 13:23:43,124 autoreload 43836 53460 Watching for file changes with StatReloader
INFO 2024-03-07 13:24:23,052 autoreload 43836 53460 D:\My\Studies\python\alif academy\python pro\Final Project\new project\limon\limonapp\api\urls.py changed, reloading.
INFO 2024-03-07 13:24:23,503 autoreload 57228 58336 Watching for file changes with StatReloader
WARNING 2024-03-07 13:24:27,206 log 57228 55284 Unauthorized: /limon/api/ads/50/
WARNING 2024-03-07 13:24:27,207 basehttp 57228 55284 "PUT /limon/api/ads/50/ HTTP/1.1" 401 275
INFO 2024-03-07 13:24:32,414 basehttp 57228 55284 "POST /auth/sign-in/ HTTP/1.1" 200 483
INFO 2024-03-07 13:24:45,717 basehttp 57228 55284 "PUT /limon/api/ads/50/ HTTP/1.1" 200 225
INFO 2024-03-07 13:25:35,284 basehttp 57228 55284 "PUT /limon/api/ads/50/ HTTP/1.1" 200 271
WARNING 2024-03-07 13:25:58,049 log 57228 55284 Not Found: /limon/api/adv/2/
WARNING 2024-03-07 13:25:58,049 basehttp 57228 55284 "PATCH /limon/api/adv/2/ HTTP/1.1" 404 3951
WARNING 2024-03-07 13:26:11,574 log 57228 55284 Not Found: /limon/api/adv/31
WARNING 2024-03-07 13:26:11,574 basehttp 57228 55284 "DELETE /limon/api/adv/31 HTTP/1.1" 404 3952
INFO 2024-03-07 13:27:18,488 autoreload 57228 58336 D:\My\Studies\python\alif academy\python pro\Final Project\new project\limon\limonapp\api\views.py changed, reloading.
INFO 2024-03-07 13:27:19,010 autoreload 54512 58080 Watching for file changes with StatReloader
WARNING 2024-03-07 13:27:19,995 log 54512 57540 Not Found: /limon/api/adv/31
WARNING 2024-03-07 13:27:19,996 basehttp 54512 57540 "DELETE /limon/api/adv/31 HTTP/1.1" 404 3952
WARNING 2024-03-07 13:27:34,873 log 54512 57540 Not Found: /limon/api/ads/31
WARNING 2024-03-07 13:27:34,873 basehttp 54512 57540 "DELETE /limon/api/ads/31 HTTP/1.1" 404 3952
WARNING 2024-03-07 13:27:48,346 log 54512 57540 Unauthorized: /limon/api/ads/2/
WARNING 2024-03-07 13:27:48,346 basehttp 54512 57540 "PATCH /limon/api/ads/2/ HTTP/1.1" 401 275
INFO 2024-03-07 13:27:53,968 basehttp 54512 57540 "POST /auth/sign-in/ HTTP/1.1" 200 483
INFO 2024-03-07 13:28:02,909 basehttp 54512 57540 "PUT /limon/api/ads/50/ HTTP/1.1" 200 271
INFO 2024-03-07 13:28:30,533 autoreload 54512 58080 D:\My\Studies\python\alif academy\python pro\Final Project\new project\limon\limonapp\api\urls.py changed, reloading.
INFO 2024-03-07 13:28:30,977 autoreload 57056 49464 Watching for file changes with StatReloader
WARNING 2024-03-07 13:28:34,727 log 57056 56936 Unauthorized: /limon/api/adv/2/
WARNING 2024-03-07 13:28:34,728 basehttp 57056 56936 "PATCH /limon/api/adv/2/ HTTP/1.1" 401 275
INFO 2024-03-07 13:28:39,654 basehttp 57056 56936 "POST /api/token/refresh/ HTTP/1.1" 200 241
INFO 2024-03-07 13:28:51,065 basehttp 57056 56936 "PUT /limon/api/ads/50/ HTTP/1.1" 200 271
ERROR 2024-03-07 13:28:59,641 log 57056 56936 Internal Server Error: /limon/api/adv/2/
Traceback (most recent call last):
  File "D:\My\Studies\python\alif academy\python pro\Final Project\new project\limon\venv\lib\site-packages\django\core\handlers\exception.py", line 55, in inner
    response = get_response(request)
  File "D:\My\Studies\python\alif academy\python pro\Final Project\new project\limon\venv\lib\site-packages\django\core\handlers\base.py", line 197, in _get_response
    response = wrapped_callback(request, *callback_args, **callback_kwargs)
  File "D:\My\Studies\python\alif academy\python pro\Final Project\new project\limon\venv\lib\site-packages\django\views\decorators\csrf.py", line 65, in _view_wrapper
    return view_func(request, *args, **kwargs)
  File "D:\My\Studies\python\alif academy\python pro\Final Project\new project\limon\venv\lib\site-packages\rest_framework\viewsets.py", line 125, in view
    return self.dispatch(request, *args, **kwargs)
  File "D:\My\Studies\python\alif academy\python pro\Final Project\new project\limon\venv\lib\site-packages\rest_framework\views.py", line 509, in dispatch
    response = self.handle_exception(exc)
  File "D:\My\Studies\python\alif academy\python pro\Final Project\new project\limon\venv\lib\site-packages\rest_framework\views.py", line 469, in handle_exception
    self.raise_uncaught_exception(exc)
  File "D:\My\Studies\python\alif academy\python pro\Final Project\new project\limon\venv\lib\site-packages\rest_framework\views.py", line 480, in raise_uncaught_exception
    raise exc
  File "D:\My\Studies\python\alif academy\python pro\Final Project\new project\limon\venv\lib\site-packages\rest_framework\views.py", line 506, in dispatch
    response = handler(request, *args, **kwargs)
  File "D:\My\Studies\python\alif academy\python pro\Final Project\new project\limon\venv\lib\site-packages\rest_framework\mixins.py", line 82, in partial_update
    return self.update(request, *args, **kwargs)
TypeError: AdvertisementViewSet.update() got an unexpected keyword argument 'pk'
ERROR 2024-03-07 13:28:59,645 basehttp 57056 56936 "PATCH /limon/api/adv/2/ HTTP/1.1" 500 97663
WARNING 2024-03-07 13:29:11,159 log 57056 56936 Not Found: /limon/api/ads/31
WARNING 2024-03-07 13:29:11,160 basehttp 57056 56936 "DELETE /limon/api/ads/31 HTTP/1.1" 404 5194
WARNING 2024-03-07 13:29:17,021 log 57056 56936 Not Found: /limon/api/ads/31
WARNING 2024-03-07 13:29:17,022 basehttp 57056 56936 "DELETE /limon/api/ads/31 HTTP/1.1" 404 5194
INFO 2024-03-07 13:30:21,134 autoreload 13064 38572 Watching for file changes with StatReloader
WARNING 2024-03-07 13:30:24,568 log 13064 35880 Not Found: /limon/api/ads/31
WARNING 2024-03-07 13:30:24,569 basehttp 13064 35880 "DELETE /limon/api/ads/31 HTTP/1.1" 404 3952
WARNING 2024-03-07 13:30:28,530 log 13064 35880 Unauthorized: /limon/api/ads/50/
WARNING 2024-03-07 13:30:28,530 basehttp 13064 35880 "PUT /limon/api/ads/50/ HTTP/1.1" 401 275
INFO 2024-03-07 13:30:33,294 basehttp 13064 35880 "POST /api/token/refresh/ HTTP/1.1" 200 241
INFO 2024-03-07 13:30:44,579 basehttp 13064 35880 "PUT /limon/api/ads/50/ HTTP/1.1" 200 271
WARNING 2024-03-07 13:30:51,244 log 13064 35880 Not Found: /limon/api/adv/2/
WARNING 2024-03-07 13:30:51,245 basehttp 13064 35880 "PATCH /limon/api/adv/2/ HTTP/1.1" 404 3951
WARNING 2024-03-07 13:30:58,173 log 13064 35880 Not Found: /limon/api/adv/
WARNING 2024-03-07 13:30:58,173 basehttp 13064 35880 "GET /limon/api/adv/ HTTP/1.1" 404 3943
INFO 2024-03-07 13:31:07,511 autoreload 13064 38572 D:\My\Studies\python\alif academy\python pro\Final Project\new project\limon\limonapp\api\urls.py changed, reloading.
INFO 2024-03-07 13:31:08,071 autoreload 49516 12736 Watching for file changes with StatReloader
WARNING 2024-03-07 13:31:08,398 log 49516 50368 Not Found: /limon/api/adv/
WARNING 2024-03-07 13:31:08,399 basehttp 49516 50368 "GET /limon/api/adv/ HTTP/1.1" 404 3943
INFO 2024-03-07 13:31:26,438 autoreload 49516 12736 D:\My\Studies\python\alif academy\python pro\Final Project\new project\limon\limonapp\api\urls.py changed, reloading.
INFO 2024-03-07 13:31:26,917 autoreload 51272 55728 Watching for file changes with StatReloader
INFO 2024-03-07 13:31:46,441 basehttp 51272 57648 "PUT /limon/api/adv/50/ HTTP/1.1" 200 271
WARNING 2024-03-07 13:31:51,982 log 51272 57648 Not Found: /limon/adv/31
WARNING 2024-03-07 13:31:51,983 basehttp 51272 57648 "GET /limon/adv/31 HTTP/1.1" 404 3300
WARNING 2024-03-07 13:32:20,785 log 51272 57648 Not Found: /limon/api/adv/31
WARNING 2024-03-07 13:32:20,785 basehttp 51272 57648 "GET /limon/api/adv/31 HTTP/1.1" 404 3949
INFO 2024-03-07 13:32:33,276 autoreload 51272 55728 D:\My\Studies\python\alif academy\python pro\Final Project\new project\limon\limonapp\api\urls.py changed, reloading.
INFO 2024-03-07 13:32:33,771 autoreload 49852 54292 Watching for file changes with StatReloader
WARNING 2024-03-07 13:32:34,462 log 49852 51084 Not Found: /limon/adv/31
WARNING 2024-03-07 13:32:34,462 basehttp 49852 51084 "GET /limon/adv/31 HTTP/1.1" 404 3300
INFO 2024-03-07 13:32:57,179 autoreload 56324 15104 Watching for file changes with StatReloader
WARNING 2024-03-07 13:32:59,148 log 56324 58480 Not Found: /limon/adv/31
WARNING 2024-03-07 13:32:59,149 basehttp 56324 58480 "GET /limon/adv/31 HTTP/1.1" 404 3300
WARNING 2024-03-07 13:33:03,111 log 56324 58480 Unauthorized: /limon/api/adv/
WARNING 2024-03-07 13:33:03,111 basehttp 56324 58480 "GET /limon/api/adv/ HTTP/1.1" 401 275
INFO 2024-03-07 13:33:09,008 basehttp 56324 58480 "POST /api/token/refresh/ HTTP/1.1" 200 241
INFO 2024-03-07 13:33:17,344 basehttp 56324 58480 "GET /limon/api/adv/ HTTP/1.1" 200 14368
WARNING 2024-03-07 13:33:24,759 log 56324 58480 Not Found: /limon/adv/31
WARNING 2024-03-07 13:33:24,759 basehttp 56324 58480 "GET /limon/adv/31 HTTP/1.1" 404 3300
WARNING 2024-03-07 13:33:40,068 log 56324 58480 Not Found: /limon/api/adv/1
WARNING 2024-03-07 13:33:40,069 basehttp 56324 58480 "GET /limon/api/adv/1 HTTP/1.1" 404 4965
INFO 2024-03-07 13:33:45,526 basehttp 56324 58480 "GET /limon/api/adv/ HTTP/1.1" 200 14368
WARNING 2024-03-07 13:33:56,264 log 56324 58480 Not Found: /limon/api/adv/31
WARNING 2024-03-07 13:33:56,265 basehttp 56324 58480 "GET /limon/api/adv/31 HTTP/1.1" 404 4968
INFO 2024-03-07 13:34:23,101 autoreload 56324 15104 D:\My\Studies\python\alif academy\python pro\Final Project\new project\limon\limonapp\api\views.py changed, reloading.
INFO 2024-03-07 13:34:23,630 autoreload 36340 6816 Watching for file changes with StatReloader
INFO 2024-03-07 13:34:38,375 autoreload 11976 56560 Watching for file changes with StatReloader
INFO 2024-03-07 13:34:43,586 basehttp 11976 55260 "GET /limon/api/adv/ HTTP/1.1" 200 14368
WARNING 2024-03-07 13:34:47,778 log 11976 55260 Not Found: /limon/api/adv/31
WARNING 2024-03-07 13:34:47,778 basehttp 11976 55260 "GET /limon/api/adv/31 HTTP/1.1" 404 4968
WARNING 2024-03-07 13:34:54,222 log 11976 55260 Not Found: /limon/adv/31
WARNING 2024-03-07 13:34:54,223 basehttp 11976 55260 "GET /limon/adv/31 HTTP/1.1" 404 3300
INFO 2024-03-07 13:35:04,976 basehttp 11976 55260 "GET /limon/api/adv/ HTTP/1.1" 200 14368
INFO 2024-03-07 13:35:13,190 basehttp 11976 55260 "GET /limon/api/adv/ HTTP/1.1" 200 14368
WARNING 2024-03-07 13:35:15,559 log 11976 55260 Not Found: /limon/api/adv/2
WARNING 2024-03-07 13:35:15,559 basehttp 11976 55260 "GET /limon/api/adv/2 HTTP/1.1" 404 4965
INFO 2024-03-07 13:35:33,675 autoreload 11976 56560 D:\My\Studies\python\alif academy\python pro\Final Project\new project\limon\limonapp\api\urls.py changed, reloading.
INFO 2024-03-07 13:35:34,146 autoreload 50872 55232 Watching for file changes with StatReloader
INFO 2024-03-07 13:35:36,372 basehttp 50872 52916 "GET /limon/api/adv/ HTTP/1.1" 200 14368
WARNING 2024-03-07 13:35:39,455 log 50872 52916 Not Found: /limon/api/adv/2
WARNING 2024-03-07 13:35:39,455 basehttp 50872 52916 "GET /limon/api/adv/2 HTTP/1.1" 404 5188
WARNING 2024-03-07 13:35:43,401 log 50872 52916 Unauthorized: /limon/api/adv/
WARNING 2024-03-07 13:35:43,402 basehttp 50872 52916 "POST /limon/api/adv/ HTTP/1.1" 401 275
INFO 2024-03-07 13:35:52,200 basehttp 50872 52916 "POST /api/token/refresh/ HTTP/1.1" 200 241
INFO 2024-03-07 13:36:04,802 basehttp 50872 52916 "POST /limon/api/adv/ HTTP/1.1" 201 274
WARNING 2024-03-07 13:36:51,291 log 50872 52916 Unauthorized: /limon/api/adv/50/
WARNING 2024-03-07 13:36:51,291 basehttp 50872 52916 "PUT /limon/api/adv/50/ HTTP/1.1" 401 275
INFO 2024-03-07 13:36:54,935 basehttp 50872 52916 "POST /api/token/refresh/ HTTP/1.1" 200 241
ERROR 2024-03-07 13:37:01,020 log 50872 52916 Internal Server Error: /limon/api/adv/50/
Traceback (most recent call last):
  File "D:\My\Studies\python\alif academy\python pro\Final Project\new project\limon\venv\lib\site-packages\django\core\handlers\exception.py", line 55, in inner
    response = get_response(request)
  File "D:\My\Studies\python\alif academy\python pro\Final Project\new project\limon\venv\lib\site-packages\django\core\handlers\base.py", line 197, in _get_response
    response = wrapped_callback(request, *callback_args, **callback_kwargs)
  File "D:\My\Studies\python\alif academy\python pro\Final Project\new project\limon\venv\lib\site-packages\django\views\decorators\csrf.py", line 65, in _view_wrapper
    return view_func(request, *args, **kwargs)
  File "D:\My\Studies\python\alif academy\python pro\Final Project\new project\limon\venv\lib\site-packages\rest_framework\viewsets.py", line 125, in view
    return self.dispatch(request, *args, **kwargs)
  File "D:\My\Studies\python\alif academy\python pro\Final Project\new project\limon\venv\lib\site-packages\rest_framework\views.py", line 509, in dispatch
    response = self.handle_exception(exc)
  File "D:\My\Studies\python\alif academy\python pro\Final Project\new project\limon\venv\lib\site-packages\rest_framework\views.py", line 469, in handle_exception
    self.raise_uncaught_exception(exc)
  File "D:\My\Studies\python\alif academy\python pro\Final Project\new project\limon\venv\lib\site-packages\rest_framework\views.py", line 480, in raise_uncaught_exception
    raise exc
  File "D:\My\Studies\python\alif academy\python pro\Final Project\new project\limon\venv\lib\site-packages\rest_framework\views.py", line 506, in dispatch
    response = handler(request, *args, **kwargs)
TypeError: AdvertisementViewSet.update() got an unexpected keyword argument 'pk'
ERROR 2024-03-07 13:37:01,023 basehttp 50872 52916 "PUT /limon/api/adv/50/ HTTP/1.1" 500 93473
INFO 2024-03-07 13:39:11,350 autoreload 51636 57540 Watching for file changes with StatReloader
WARNING 2024-03-07 13:39:16,628 log 51636 13416 Unauthorized: /limon/api/adv/
WARNING 2024-03-07 13:39:16,628 basehttp 51636 13416 "GET /limon/api/adv/ HTTP/1.1" 401 275
INFO 2024-03-07 13:39:20,434 basehttp 51636 13416 "POST /api/token/refresh/ HTTP/1.1" 200 241
INFO 2024-03-07 13:39:28,258 basehttp 51636 13416 "GET /limon/api/adv/ HTTP/1.1" 200 14643
WARNING 2024-03-07 13:39:34,393 log 51636 13416 Not Found: /limon/api/adv/2
WARNING 2024-03-07 13:39:34,394 basehttp 51636 13416 "GET /limon/api/adv/2 HTTP/1.1" 404 3639
INFO 2024-03-07 13:40:26,320 autoreload 57076 45328 Watching for file changes with StatReloader
WARNING 2024-03-07 13:40:28,996 log 57076 57184 Not Found: /limon/api/adv/2
WARNING 2024-03-07 13:40:28,996 basehttp 57076 57184 "GET /limon/api/adv/2 HTTP/1.1" 404 3639
ERROR 2024-03-07 13:40:34,131 log 57076 57184 Internal Server Error: /limon/api/adv/
Traceback (most recent call last):
  File "D:\My\Studies\python\alif academy\python pro\Final Project\new project\limon\venv\lib\site-packages\django\core\handlers\exception.py", line 55, in inner
    response = get_response(request)
  File "D:\My\Studies\python\alif academy\python pro\Final Project\new project\limon\venv\lib\site-packages\django\core\handlers\base.py", line 197, in _get_response
    response = wrapped_callback(request, *callback_args, **callback_kwargs)
  File "D:\My\Studies\python\alif academy\python pro\Final Project\new project\limon\venv\lib\site-packages\django\views\decorators\csrf.py", line 65, in _view_wrapper
    return view_func(request, *args, **kwargs)
  File "D:\My\Studies\python\alif academy\python pro\Final Project\new project\limon\venv\lib\site-packages\rest_framework\viewsets.py", line 117, in view
    handler = getattr(self, action)
AttributeError: 'AdvertisementViewSet' object has no attribute 'list'
ERROR 2024-03-07 13:40:34,133 basehttp 57076 57184 "GET /limon/api/adv/ HTTP/1.1" 500 74467
INFO 2024-03-07 13:40:46,333 autoreload 57076 45328 D:\My\Studies\python\alif academy\python pro\Final Project\new project\limon\limonapp\api\views.py changed, reloading.
INFO 2024-03-07 13:40:46,860 autoreload 57952 25720 Watching for file changes with StatReloader
INFO 2024-03-07 13:40:49,692 autoreload 57288 52120 Watching for file changes with StatReloader
ERROR 2024-03-07 13:40:51,713 log 57288 13160 Internal Server Error: /limon/api/adv/
Traceback (most recent call last):
  File "D:\My\Studies\python\alif academy\python pro\Final Project\new project\limon\venv\lib\site-packages\django\core\handlers\exception.py", line 55, in inner
    response = get_response(request)
  File "D:\My\Studies\python\alif academy\python pro\Final Project\new project\limon\venv\lib\site-packages\django\core\handlers\base.py", line 197, in _get_response
    response = wrapped_callback(request, *callback_args, **callback_kwargs)
  File "D:\My\Studies\python\alif academy\python pro\Final Project\new project\limon\venv\lib\site-packages\django\views\decorators\csrf.py", line 65, in _view_wrapper
    return view_func(request, *args, **kwargs)
  File "D:\My\Studies\python\alif academy\python pro\Final Project\new project\limon\venv\lib\site-packages\rest_framework\viewsets.py", line 117, in view
    handler = getattr(self, action)
AttributeError: 'AdvertisementViewSet' object has no attribute 'list'
ERROR 2024-03-07 13:40:51,714 basehttp 57288 13160 "GET /limon/api/adv/ HTTP/1.1" 500 74467
INFO 2024-03-07 13:41:26,402 autoreload 57584 59380 Watching for file changes with StatReloader
INFO 2024-03-07 13:41:28,563 basehttp 57584 11884 "GET /limon/api/adv/ HTTP/1.1" 200 14643
WARNING 2024-03-07 13:41:32,001 log 57584 11884 Not Found: /limon/api/adv/2
WARNING 2024-03-07 13:41:32,002 basehttp 57584 11884 "GET /limon/api/adv/2 HTTP/1.1" 404 3639
WARNING 2024-03-07 13:41:36,218 log 57584 11884 Not Found: /limon/api/adv/31
WARNING 2024-03-07 13:41:36,218 basehttp 57584 11884 "GET /limon/api/adv/31 HTTP/1.1" 404 3642
WARNING 2024-03-07 13:41:39,862 log 57584 11884 Unauthorized: /limon/api/adv/
WARNING 2024-03-07 13:41:39,863 basehttp 57584 11884 "POST /limon/api/adv/ HTTP/1.1" 401 275
INFO 2024-03-07 13:41:44,515 basehttp 57584 11884 "POST /api/token/refresh/ HTTP/1.1" 200 241
INFO 2024-03-07 13:41:52,473 basehttp 57584 11884 "POST /limon/api/adv/ HTTP/1.1" 201 274
INFO 2024-03-07 13:42:05,068 basehttp 57584 11884 "PUT /limon/api/adv/50/ HTTP/1.1" 200 271
INFO 2024-03-07 13:42:11,274 basehttp 57584 11884 "PATCH /limon/api/adv/2/ HTTP/1.1" 200 656
WARNING 2024-03-07 13:42:26,602 log 57584 11884 Not Found: /limon/api/ads/50
WARNING 2024-03-07 13:42:26,603 basehttp 57584 11884 "DELETE /limon/api/ads/50 HTTP/1.1" 404 3645
WARNING 2024-03-07 13:42:28,773 log 57584 11884 Not Found: /limon/api/ads/50
WARNING 2024-03-07 13:42:28,773 basehttp 57584 11884 "DELETE /limon/api/ads/50 HTTP/1.1" 404 3645
WARNING 2024-03-07 13:42:29,689 log 57584 11884 Not Found: /limon/api/ads/50
WARNING 2024-03-07 13:42:29,689 basehttp 57584 11884 "DELETE /limon/api/ads/50 HTTP/1.1" 404 3645
WARNING 2024-03-07 15:18:33,780 log 57584 11884 Not Found: /limon/api/ads/50
WARNING 2024-03-07 15:18:33,780 basehttp 57584 11884 "DELETE /limon/api/ads/50 HTTP/1.1" 404 3645
WARNING 2024-03-07 15:18:37,627 log 57584 11884 Unauthorized: /limon/api/adv/2/
WARNING 2024-03-07 15:18:37,642 basehttp 57584 11884 "PATCH /limon/api/adv/2/ HTTP/1.1" 401 275
INFO 2024-03-07 15:18:42,926 basehttp 57584 11884 "POST /api/token/refresh/ HTTP/1.1" 200 241
INFO 2024-03-07 15:18:51,967 basehttp 57584 11884 "PATCH /limon/api/adv/2/ HTTP/1.1" 200 656
WARNING 2024-03-07 15:19:41,905 log 57584 11884 Unauthorized: /limon/api/adv/
WARNING 2024-03-07 15:19:41,905 basehttp 57584 11884 "GET /limon/api/adv/ HTTP/1.1" 401 275
INFO 2024-03-07 15:19:47,451 basehttp 57584 11884 "POST /api/token/refresh/ HTTP/1.1" 200 241
INFO 2024-03-07 15:19:54,321 basehttp 57584 11884 "GET /limon/api/adv/ HTTP/1.1" 200 14918
WARNING 2024-03-07 15:19:59,619 log 57584 11884 Not Found: /limon/api/adv/31
WARNING 2024-03-07 15:19:59,619 basehttp 57584 11884 "GET /limon/api/adv/31 HTTP/1.1" 404 3642
WARNING 2024-03-07 15:20:02,909 log 57584 11884 Not Found: /limon/adv/31
WARNING 2024-03-07 15:20:02,909 basehttp 57584 11884 "GET /limon/adv/31 HTTP/1.1" 404 3300
INFO 2024-03-07 15:20:16,842 basehttp 57584 11884 "GET /limon/adv/ HTTP/1.1" 200 18108
INFO 2024-03-07 15:20:58,001 autoreload 51300 56980 Watching for file changes with StatReloader
WARNING 2024-03-07 15:21:01,573 log 51300 56536 Not Found: /limon/adv/31
WARNING 2024-03-07 15:21:01,574 basehttp 51300 56536 "GET /limon/adv/31 HTTP/1.1" 404 3300
WARNING 2024-03-07 15:21:09,799 log 51300 56536 Not Found: /limon/adv/31
WARNING 2024-03-07 15:21:09,800 basehttp 51300 56536 "GET /limon/adv/31 HTTP/1.1" 404 3300
INFO 2024-03-07 15:22:35,859 autoreload 48340 52880 Watching for file changes with StatReloader
WARNING 2024-03-07 15:22:39,343 log 48340 54340 Not Found: /limon/adv/31
WARNING 2024-03-07 15:22:39,343 basehttp 48340 54340 "GET /limon/adv/31 HTTP/1.1" 404 3300
INFO 2024-03-07 15:23:56,708 autoreload 52172 55240 Watching for file changes with StatReloader
INFO 2024-03-07 15:24:05,493 autoreload 52172 55240 D:\My\Studies\python\alif academy\python pro\Final Project\new project\limon\limonapp\urls.py changed, reloading.
INFO 2024-03-07 15:24:05,989 autoreload 1960 58812 Watching for file changes with StatReloader
WARNING 2024-03-07 15:24:07,556 log 1960 58524 Not Found: /limon/adv/31
WARNING 2024-03-07 15:24:07,556 basehttp 1960 58524 "GET /limon/adv/31 HTTP/1.1" 404 3300
WARNING 2024-03-07 15:24:22,028 log 1960 58524 Not Found: /limon/adv/1
WARNING 2024-03-07 15:24:22,029 basehttp 1960 58524 "GET /limon/adv/1 HTTP/1.1" 404 3297
WARNING 2024-03-07 15:24:28,579 log 1960 58524 Not Found: /limon/adv/1
WARNING 2024-03-07 15:24:28,581 basehttp 1960 58524 "GET /limon/adv/1 HTTP/1.1" 404 3297
WARNING 2024-03-07 15:24:43,669 log 1960 58524 Not Found: /limon/adv/1
WARNING 2024-03-07 15:24:43,670 basehttp 1960 58524 "GET /limon/adv/1 HTTP/1.1" 404 3297
INFO 2024-03-07 15:27:19,808 autoreload 1960 58812 D:\My\Studies\python\alif academy\python pro\Final Project\new project\limon\limonapp\api\views.py changed, reloading.
INFO 2024-03-07 15:27:20,243 autoreload 55556 53960 Watching for file changes with StatReloader
INFO 2024-03-07 15:27:50,055 autoreload 55556 53960 D:\My\Studies\python\alif academy\python pro\Final Project\new project\limon\limonapp\api\urls.py changed, reloading.
INFO 2024-03-07 15:27:50,478 autoreload 53612 22468 Watching for file changes with StatReloader
INFO 2024-03-07 15:28:59,050 autoreload 53612 22468 D:\My\Studies\python\alif academy\python pro\Final Project\new project\limon\limonapp\api\urls.py changed, reloading.
INFO 2024-03-07 15:28:59,479 autoreload 48696 51168 Watching for file changes with StatReloader
WARNING 2024-03-07 15:29:06,859 log 48696 58880 Unauthorized: /limon/api/adv/2/
WARNING 2024-03-07 15:29:06,859 basehttp 48696 58880 "PATCH /limon/api/adv/2/ HTTP/1.1" 401 275
INFO 2024-03-07 15:29:10,156 basehttp 48696 58880 "POST /api/token/refresh/ HTTP/1.1" 200 241
INFO 2024-03-07 15:29:18,601 basehttp 48696 58880 "PATCH /limon/api/adv/2/ HTTP/1.1" 200 656
INFO 2024-03-07 15:29:44,755 basehttp 48696 58880 "GET /limon/api/adv/ HTTP/1.1" 200 14918
WARNING 2024-03-07 15:29:58,708 log 48696 58880 Not Found: /limon/api/adv/57
WARNING 2024-03-07 15:29:58,709 basehttp 48696 58880 "DELETE /limon/api/adv/57 HTTP/1.1" 404 3904
WARNING 2024-03-07 15:30:03,837 log 48696 58880 Unauthorized: /limon/api/adv/57/
WARNING 2024-03-07 15:30:03,838 basehttp 48696 58880 "DELETE /limon/api/adv/57/ HTTP/1.1" 401 275
WARNING 2024-03-07 15:30:08,139 log 48696 58880 Method Not Allowed: /limon/api/adv/57/
WARNING 2024-03-07 15:30:08,139 basehttp 48696 58880 "DELETE /limon/api/adv/57/ HTTP/1.1" 405 57
INFO 2024-03-07 15:30:14,350 basehttp 48696 58880 "DELETE /limon/api/adv/57/delete/ HTTP/1.1" 204 0
INFO 2024-03-07 15:32:10,830 basehttp 48696 58880 "GET /limon/api/adv/ HTTP/1.1" 200 14643
INFO 2024-03-07 15:32:19,192 basehttp 48696 58880 "DELETE /limon/api/adv/56/delete/ HTTP/1.1" 204 0
INFO 2024-03-07 15:32:23,016 basehttp 48696 58880 "GET /limon/api/adv/ HTTP/1.1" 200 14368
INFO 2024-03-07 15:34:51,110 autoreload 30248 59160 Watching for file changes with StatReloader
INFO 2024-03-07 15:37:13,449 autoreload 30248 59160 D:\My\Studies\python\alif academy\python pro\Final Project\new project\limon\limonapp\api\views.py changed, reloading.
INFO 2024-03-07 15:37:13,909 autoreload 38880 54588 Watching for file changes with StatReloader
INFO 2024-03-07 15:37:14,560 basehttp 38880 57976 "POST /auth/sign-up/ HTTP/1.1" 200 39
INFO 2024-03-07 15:39:25,243 autoreload 38880 54588 D:\My\Studies\python\alif academy\python pro\Final Project\new project\limon\limonapp\api\views.py changed, reloading.
INFO 2024-03-07 15:39:25,652 autoreload 8996 11080 Watching for file changes with StatReloader
INFO 2024-03-07 15:40:02,372 autoreload 8996 11080 D:\My\Studies\python\alif academy\python pro\Final Project\new project\limon\limonapp\api\views.py changed, reloading.
INFO 2024-03-07 15:40:02,793 autoreload 6816 57648 Watching for file changes with StatReloader
INFO 2024-03-07 15:40:54,297 autoreload 6816 57648 D:\My\Studies\python\alif academy\python pro\Final Project\new project\limon\limonapp\api\views.py changed, reloading.
INFO 2024-03-07 15:40:54,696 autoreload 52476 47480 Watching for file changes with StatReloader
INFO 2024-03-07 15:41:10,542 autoreload 52476 47480 D:\My\Studies\python\alif academy\python pro\Final Project\new project\limon\limonapp\api\views.py changed, reloading.
INFO 2024-03-07 15:41:11,030 autoreload 58476 57528 Watching for file changes with StatReloader
INFO 2024-03-07 15:41:36,672 autoreload 58476 57528 D:\My\Studies\python\alif academy\python pro\Final Project\new project\limon\limonapp\api\views.py changed, reloading.
INFO 2024-03-07 15:41:37,082 autoreload 43616 56828 Watching for file changes with StatReloader
INFO 2024-03-07 15:41:45,667 autoreload 43616 56828 D:\My\Studies\python\alif academy\python pro\Final Project\new project\limon\limonapp\api\views.py changed, reloading.
INFO 2024-03-07 15:41:46,067 autoreload 57964 58892 Watching for file changes with StatReloader
INFO 2024-03-07 15:42:58,946 autoreload 57964 58892 D:\My\Studies\python\alif academy\python pro\Final Project\new project\limon\limonapp\api\views.py changed, reloading.
INFO 2024-03-07 15:42:59,354 autoreload 48284 41588 Watching for file changes with StatReloader
INFO 2024-03-07 15:43:46,542 autoreload 13180 58268 Watching for file changes with StatReloader
INFO 2024-03-07 15:45:43,903 basehttp 13180 15012 "POST /auth/sign-in/ HTTP/1.1" 200 483
INFO 2024-03-07 15:46:01,312 basehttp 13180 15012 "DELETE /limon/api/adv/55/delete/ HTTP/1.1" 200 50
INFO 2024-03-07 15:46:37,983 autoreload 13180 58268 D:\My\Studies\python\alif academy\python pro\Final Project\new project\limon\limonapp\api\views.py changed, reloading.
INFO 2024-03-07 15:46:38,483 autoreload 52112 17568 Watching for file changes with StatReloader
INFO 2024-03-07 15:48:23,782 autoreload 52112 17568 D:\My\Studies\python\alif academy\python pro\Final Project\new project\limon\limonapp\api\views.py changed, reloading.
INFO 2024-03-07 15:48:24,209 autoreload 57496 16832 Watching for file changes with StatReloader
WARNING 2024-03-07 15:48:39,031 log 57496 57420 Unauthorized: /limon/api/adv/
WARNING 2024-03-07 15:48:39,032 basehttp 57496 57420 "GET /limon/api/adv/ HTTP/1.1" 401 275
INFO 2024-03-07 15:48:42,378 basehttp 57496 57420 "POST /api/token/refresh/ HTTP/1.1" 200 241
WARNING 2024-03-07 15:48:49,333 log 57496 57420 Unauthorized: /limon/api/adv/
WARNING 2024-03-07 15:48:49,334 basehttp 57496 57420 "GET /limon/api/adv/ HTTP/1.1" 401 275
INFO 2024-03-07 15:48:52,157 basehttp 57496 57420 "GET /limon/api/adv/ HTTP/1.1" 200 14093
INFO 2024-03-07 15:49:43,461 basehttp 57496 57420 "PUT /limon/api/adv/9/ HTTP/1.1" 200 48
INFO 2024-03-07 15:49:50,891 basehttp 57496 57420 "GET /limon/api/adv/ HTTP/1.1" 200 14171
WARNING 2024-03-07 15:50:24,035 log 57496 57420 Unauthorized: /limon/api/adv/10/
WARNING 2024-03-07 15:50:24,036 basehttp 57496 57420 "PATCH /limon/api/adv/10/ HTTP/1.1" 401 275
INFO 2024-03-07 15:50:30,029 basehttp 57496 57420 "PATCH /limon/api/adv/10/ HTTP/1.1" 200 134
WARNING 2024-03-07 15:51:07,025 log 57496 57420 Not Found: /limon/api/adv/9
WARNING 2024-03-07 15:51:07,026 basehttp 57496 57420 "GET /limon/api/adv/9 HTTP/1.1" 404 3898
WARNING 2024-03-07 15:51:09,991 log 57496 57420 Not Found: /limon/api/adv/9
WARNING 2024-03-07 15:51:09,991 basehttp 57496 57420 "GET /limon/api/adv/9 HTTP/1.1" 404 3898
WARNING 2024-03-07 15:51:22,475 log 57496 57420 Not Found: /limon/api/adv/9
WARNING 2024-03-07 15:51:22,475 basehttp 57496 57420 "GET /limon/api/adv/9 HTTP/1.1" 404 3898
INFO 2024-03-07 15:58:06,755 autoreload 57496 16832 D:\My\Studies\python\alif academy\python pro\Final Project\new project\limon\limonapp\api\views.py changed, reloading.
INFO 2024-03-07 15:58:07,198 autoreload 58572 53464 Watching for file changes with StatReloader
INFO 2024-03-07 15:58:29,606 autoreload 58572 53464 D:\My\Studies\python\alif academy\python pro\Final Project\new project\limon\limonapp\api\urls.py changed, reloading.
INFO 2024-03-07 15:58:30,084 autoreload 57752 56628 Watching for file changes with StatReloader
INFO 2024-03-07 15:59:18,051 autoreload 57752 56628 D:\My\Studies\python\alif academy\python pro\Final Project\new project\limon\limonapp\api\urls.py changed, reloading.
INFO 2024-03-07 15:59:18,506 autoreload 52220 58748 Watching for file changes with StatReloader
WARNING 2024-03-07 15:59:22,486 log 52220 46548 Not Found: /limon/api/adv/9
WARNING 2024-03-07 15:59:22,487 basehttp 52220 46548 "GET /limon/api/adv/9 HTTP/1.1" 404 4150
INFO 2024-03-07 15:59:30,691 autoreload 55320 54852 Watching for file changes with StatReloader
WARNING 2024-03-07 15:59:33,451 log 55320 58060 Not Found: /limon/api/adv/9
WARNING 2024-03-07 15:59:33,451 basehttp 55320 58060 "GET /limon/api/adv/9 HTTP/1.1" 404 4150
INFO 2024-03-07 16:03:00,211 autoreload 55320 54852 D:\My\Studies\python\alif academy\python pro\Final Project\new project\limon\limonapp\api\views.py changed, reloading.
INFO 2024-03-07 16:03:00,675 autoreload 42040 48344 Watching for file changes with StatReloader
INFO 2024-03-07 16:04:02,787 autoreload 58932 55644 Watching for file changes with StatReloader
INFO 2024-03-07 16:04:12,509 autoreload 58932 55644 D:\My\Studies\python\alif academy\python pro\Final Project\new project\limon\limonapp\api\urls.py changed, reloading.
INFO 2024-03-07 16:04:13,058 autoreload 51480 58536 Watching for file changes with StatReloader
INFO 2024-03-07 16:04:25,537 autoreload 58436 40812 Watching for file changes with StatReloader
WARNING 2024-03-07 16:04:31,088 log 58436 58652 Not Found: /limon/api/adv/9
WARNING 2024-03-07 16:04:31,089 basehttp 58436 58652 "GET /limon/api/adv/9 HTTP/1.1" 404 4150
WARNING 2024-03-07 16:04:33,840 log 58436 58652 Unauthorized: /limon/api/adv/
WARNING 2024-03-07 16:04:33,840 basehttp 58436 58652 "GET /limon/api/adv/ HTTP/1.1" 401 275
INFO 2024-03-07 16:04:38,069 basehttp 58436 58652 "POST /api/token/refresh/ HTTP/1.1" 200 241
WARNING 2024-03-07 16:04:58,471 log 58436 58652 Not Found: /limon/api/adv/9
WARNING 2024-03-07 16:04:58,471 basehttp 58436 58652 "GET /limon/api/adv/9 HTTP/1.1" 404 4150
INFO 2024-03-07 16:06:46,530 autoreload 55092 57536 Watching for file changes with StatReloader
INFO 2024-03-07 16:11:01,966 autoreload 55092 57536 D:\My\Studies\python\alif academy\python pro\Final Project\new project\limon\limonapp\api\urls.py changed, reloading.
INFO 2024-03-07 16:11:02,448 autoreload 27220 49604 Watching for file changes with StatReloader
INFO 2024-03-07 16:11:27,885 autoreload 4532 48896 Watching for file changes with StatReloader
INFO 2024-03-07 16:11:33,161 basehttp 4532 44944 "GET /limon/adv/ HTTP/1.1" 200 17241
WARNING 2024-03-07 16:11:37,843 log 4532 44944 Not Found: /limon/adv/1
WARNING 2024-03-07 16:11:37,844 basehttp 4532 44944 "GET /limon/adv/1 HTTP/1.1" 404 3297
INFO 2024-03-07 16:12:22,414 autoreload 4532 48896 D:\My\Studies\python\alif academy\python pro\Final Project\new project\limon\limonapp\api\urls.py changed, reloading.
INFO 2024-03-07 16:12:22,904 autoreload 55364 56360 Watching for file changes with StatReloader
WARNING 2024-03-07 16:12:23,292 log 55364 59148 Not Found: /limon/adv/1
WARNING 2024-03-07 16:12:23,293 basehttp 55364 59148 "GET /limon/adv/1 HTTP/1.1" 404 3297
INFO 2024-03-07 16:12:35,121 basehttp 55364 59148 "GET /limon/adv/ HTTP/1.1" 200 17241
WARNING 2024-03-07 16:12:38,471 log 55364 59148 Not Found: /limon/adv/1
WARNING 2024-03-07 16:12:38,472 basehttp 55364 59148 "GET /limon/adv/1 HTTP/1.1" 404 3297
INFO 2024-03-07 16:13:12,442 autoreload 57600 43248 Watching for file changes with StatReloader
WARNING 2024-03-07 16:13:16,918 log 57600 23744 Not Found: /limon/adv/1
WARNING 2024-03-07 16:13:16,918 basehttp 57600 23744 "GET /limon/adv/1 HTTP/1.1" 404 3297
